Log file open, 01/24/22 22:24:41
LogWindows: Failed to load 'aqProf.dll' (GetLastError=126)
LogWindows: File 'aqProf.dll' does not exist
LogWindows: Failed to load 'VtuneApi.dll' (GetLastError=126)
LogWindows: File 'VtuneApi.dll' does not exist
LogWindows: Failed to load 'VtuneApi32e.dll' (GetLastError=126)
LogWindows: File 'VtuneApi32e.dll' does not exist
LogConsoleResponse: Display: Failed to find resolution value strings in scalability ini. Falling back to default.
LogConsoleResponse: Display: Failed to find resolution value strings in scalability ini. Falling back to default.
LogInit: Display: Running engine for game: TP0
LogPlatformFile: Not using cached read wrapper
LogTaskGraph: Started task graph with 5 named threads and 14 total threads with 3 sets of task threads.
LogStats: Stats thread started at 0.473357
LogICUInternationalization: ICU TimeZone Detection - Raw Offset: -5:00, Platform Override: ''
LogInit: Display: Loading text-based GConfig....
LogPluginManager: Mounting plugin MeshPainting
LogPluginManager: Mounting plugin XGEController
LogPluginManager: Mounting plugin Paper2D
LogPluginManager: Mounting plugin AISupport
LogPluginManager: Mounting plugin EnvironmentQueryEditor
LogPluginManager: Mounting plugin LiveLink
LogPluginManager: Mounting plugin LightPropagationVolume
LogPluginManager: Mounting plugin GameplayCameras
LogPluginManager: Mounting plugin OodleData
LogPluginManager: Mounting plugin CameraShakePreviewer
LogPluginManager: Mounting plugin OodleNetwork
LogPluginManager: Mounting plugin AnimationSharing
LogPluginManager: Mounting plugin CLionSourceCodeAccess
LogPluginManager: Mounting plugin CodeLiteSourceCodeAccess
LogPluginManager: Mounting plugin GitSourceControl
LogPluginManager: Mounting plugin NullSourceCodeAccess
LogPluginManager: Mounting plugin KDevelopSourceCodeAccess
LogPluginManager: Mounting plugin PixWinPlugin
LogPluginManager: Mounting plugin PlasticSourceControl
LogPluginManager: Mounting plugin PluginUtils
LogPluginManager: Mounting plugin PropertyAccessNode
LogPluginManager: Mounting plugin SubversionSourceControl
LogPluginManager: Mounting plugin TextureFormatOodle
LogPluginManager: Mounting plugin RiderSourceCodeAccess
LogPluginManager: Mounting plugin UObjectPlugin
LogPluginManager: Mounting plugin VisualStudioCodeSourceCodeAccess
LogPluginManager: Mounting plugin PerforceSourceControl
LogPluginManager: Mounting plugin XCodeSourceCodeAccess
LogPluginManager: Mounting plugin AssetManagerEditor
LogPluginManager: Mounting plugin VisualStudioSourceCodeAccess
LogPluginManager: Mounting plugin CryptoKeys
LogPluginManager: Mounting plugin CurveEditorTools
LogPluginManager: Mounting plugin DataValidation
LogPluginManager: Mounting plugin FacialAnimation
LogPluginManager: Mounting plugin GeometryMode
LogPluginManager: Mounting plugin GameplayTagsEditor
LogPluginManager: Mounting plugin MaterialAnalyzer
LogPluginManager: Mounting plugin MobileLauncherProfileWizard
LogPluginManager: Mounting plugin MacGraphicsSwitching
LogPluginManager: Mounting plugin PluginBrowser
LogPluginManager: Mounting plugin SpeedTreeImporter
LogPluginManager: Mounting plugin DatasmithContent
LogPluginManager: Mounting plugin VariantManagerContent
LogPluginManager: Mounting plugin AlembicImporter
LogPluginManager: Mounting plugin AutomationUtils
LogPluginManager: Mounting plugin BackChannel
LogPluginManager: Mounting plugin ChaosCloth
LogPluginManager: Mounting plugin ChaosClothEditor
LogPluginManager: Mounting plugin ChaosEditor
LogPluginManager: Mounting plugin ChaosNiagara
LogPluginManager: Mounting plugin ChaosSolverPlugin
LogPluginManager: Mounting plugin CharacterAI
LogPluginManager: Mounting plugin Niagara
LogPluginManager: Mounting plugin GeometryCache
LogPluginManager: Mounting plugin GeometryCollectionPlugin
LogPluginManager: Mounting plugin GeometryProcessing
LogPluginManager: Mounting plugin MotoSynth
LogPluginManager: Mounting plugin OpenImageDenoise
LogPluginManager: Mounting plugin PlatformCrypto
LogPluginManager: Mounting plugin ProxyLODPlugin
LogPluginManager: Mounting plugin PlanarCut
LogPluginManager: Mounting plugin SkeletalReduction
LogPluginManager: Mounting plugin PythonScriptPlugin
LogPluginManager: Mounting plugin LuminPlatformFeatures
LogPluginManager: Mounting plugin MagicLeap
LogPluginManager: Mounting plugin MagicLeapLightEstimation
LogPluginManager: Mounting plugin MagicLeapMedia
LogPluginManager: Mounting plugin MagicLeapPassableWorld
LogPluginManager: Mounting plugin MLSDK
LogPluginManager: Mounting plugin AndroidMedia
LogPluginManager: Mounting plugin AvfMedia
LogPluginManager: Mounting plugin ImgMedia
LogPluginManager: Mounting plugin MediaCompositing
LogPluginManager: Mounting plugin WebMMedia
LogPluginManager: Mounting plugin WmfMedia
LogPluginManager: Mounting plugin TcpMessaging
LogPluginManager: Mounting plugin UdpMessaging
LogPluginManager: Mounting plugin ActorSequence
LogPluginManager: Mounting plugin LevelSequenceEditor
LogPluginManager: Mounting plugin MatineeToLevelSequence
LogPluginManager: Mounting plugin TemplateSequence
LogPluginManager: Mounting plugin OnlineSubsystem
LogPluginManager: Mounting plugin OnlineSubsystemNull
LogPluginManager: Mounting plugin OnlineSubsystemUtils
LogPluginManager: Mounting plugin LauncherChunkInstaller
LogPluginManager: Mounting plugin MediaPlayerEditor
LogPluginManager: Mounting plugin Takes
LogPluginManager: Mounting plugin ActorLayerUtilities
LogPluginManager: Mounting plugin AndroidDeviceProfileSelector
LogPluginManager: Mounting plugin AndroidMoviePlayer
LogPluginManager: Mounting plugin AndroidPermission
LogPluginManager: Mounting plugin AppleMoviePlayer
LogPluginManager: Mounting plugin AppleImageUtils
LogPluginManager: Mounting plugin ScreenshotTools
LogPluginManager: Mounting plugin ArchVisCharacter
LogPluginManager: Mounting plugin AssetTags
LogPluginManager: Mounting plugin AudioSynesthesia
LogPluginManager: Mounting plugin CableComponent
LogPluginManager: Mounting plugin ChunkDownloader
LogPluginManager: Mounting plugin CustomMeshComponent
LogPluginManager: Mounting plugin EditableMesh
LogPluginManager: Mounting plugin ExampleDeviceProfileSelector
LogPluginManager: Mounting plugin GoogleCloudMessaging
LogPluginManager: Mounting plugin GooglePAD
LogPluginManager: Mounting plugin IOSDeviceProfileSelector
LogPluginManager: Mounting plugin AudioCapture
LogPluginManager: Mounting plugin LinuxDeviceProfileSelector
LogPluginManager: Mounting plugin LocationServicesBPLibrary
LogPluginManager: Mounting plugin MobilePatchingUtils
LogPluginManager: Mounting plugin OpenXRHandTracking
LogPluginManager: Mounting plugin OpenXR
LogPluginManager: Mounting plugin OpenXREyeTracker
LogPluginManager: Mounting plugin PhysXVehicles
LogPluginManager: Mounting plugin PropertyAccessEditor
LogPluginManager: Mounting plugin RuntimePhysXCooking
LogPluginManager: Mounting plugin SoundFields
LogPluginManager: Mounting plugin SignificanceManager
LogPluginManager: Mounting plugin ProceduralMeshComponent
LogPluginManager: Mounting plugin Synthesis
LogPluginManager: Mounting plugin PostSplashScreen
LogPluginManager: Mounting plugin WebMMoviePlayer
LogPluginManager: Mounting plugin WindowsMoviePlayer
LogPluginManager: Mounting plugin ContentBrowserAssetDataSource
LogPluginManager: Mounting plugin ContentBrowserClassDataSource
LogPluginManager: Mounting plugin ContentBrowserFileDataSource
LogPluginManager: Mounting plugin OnlineSubsystemGooglePlay
LogPluginManager: Mounting plugin OnlineSubsystemIOS
LogPluginManager: Mounting plugin OculusVR
LogPluginManager: Mounting plugin SteamVR
PixWinPlugin: PIX capture plugin failed to initialize! Check that the process is launched from PIX.
LogInit: Using libcurl 7.55.1-DEV
LogInit:  - built for x86_64-pc-win32
LogInit:  - supports SSL with OpenSSL/1.1.1
LogInit:  - supports HTTP deflate (compression) using libz 1.2.8
LogInit:  - other features:
LogInit:      CURL_VERSION_SSL
LogInit:      CURL_VERSION_LIBZ
LogInit:      CURL_VERSION_IPV6
LogInit:      CURL_VERSION_ASYNCHDNS
LogInit:      CURL_VERSION_LARGEFILE
LogInit:      CURL_VERSION_IDN
LogInit:  CurlRequestOptions (configurable via config and command line):
LogInit:  - bVerifyPeer = true  - Libcurl will verify peer certificate
LogInit:  - bUseHttpProxy = false  - Libcurl will NOT use HTTP proxy
LogInit:  - bDontReuseConnections = false  - Libcurl will reuse connections
LogInit:  - MaxHostConnections = 16  - Libcurl will limit the number of connections to a host
LogInit:  - LocalHostAddr = Default
LogInit:  - BufferSize = 65536
LogOnline: OSS: Creating online subsystem instance for: NULL
LogInit: WinSock: version 1.1 (2.2), MaxSocks=32767, MaxUdp=65467
LogOnline: OSS: TryLoadSubsystemAndSetDefault: Loaded subsystem for module [NULL]
LogOculusPluginWrapper: OculusPlugin initialized successfully
LogHMD: Failed initializing OVRPlugin 1.59.0
LogInit: Build: ++UE4+Release-4.27-CL-18319896
LogInit: Engine Version: 4.27.2-18319896+++UE4+Release-4.27
LogInit: Compatible Engine Version: 4.27.0-17155196+++UE4+Release-4.27
LogInit: Net CL: 17155196
LogInit: OS: Windows 10 (Release 1909) (), CPU: Intel(R) Core(TM) i5-6600 CPU @ 3.30GHz, GPU: NVIDIA GeForce GTX 1060 6GB
LogInit: Compiled (64-bit): Nov 30 2021 07:12:08
LogInit: Compiled with Visual C++: 19.24.28315.00
LogInit: Build Configuration: Development
LogInit: Branch Name: ++UE4+Release-4.27
LogInit: Command Line:  -EpicPortal -epicusername=LordFixx -epicuserid=24ad76e9bde646d0a7dd9aa7b89f3d62 -epiclocale=en -epicsandboxid=ue
LogInit: Base Directory: D:/Epic Games/UE_4.27/Engine/Binaries/Win64/
LogInit: Allocator: TBB
LogInit: Installed Engine Build: 1
LogDevObjectVersion: Number of dev versions registered: 29
LogDevObjectVersion:   Dev-Blueprints (B0D832E4-1F89-4F0D-ACCF-7EB736FD4AA2): 10
LogDevObjectVersion:   Dev-Build (E1C64328-A22C-4D53-A36C-8E866417BD8C): 0
LogDevObjectVersion:   Dev-Core (375EC13C-06E4-48FB-B500-84F0262A717E): 4
LogDevObjectVersion:   Dev-Editor (E4B068ED-F494-42E9-A231-DA0B2E46BB41): 40
LogDevObjectVersion:   Dev-Framework (CFFC743F-43B0-4480-9391-14DF171D2073): 37
LogDevObjectVersion:   Dev-Mobile (B02B49B5-BB20-44E9-A304-32B752E40360): 3
LogDevObjectVersion:   Dev-Networking (A4E4105C-59A1-49B5-A7C5-40C4547EDFEE): 0
LogDevObjectVersion:   Dev-Online (39C831C9-5AE6-47DC-9A44-9C173E1C8E7C): 0
LogDevObjectVersion:   Dev-Physics (78F01B33-EBEA-4F98-B9B4-84EACCB95AA2): 14
LogDevObjectVersion:   Dev-Platform (6631380F-2D4D-43E0-8009-CF276956A95A): 0
LogDevObjectVersion:   Dev-Rendering (12F88B9F-8875-4AFC-A67C-D90C383ABD29): 45
LogDevObjectVersion:   Dev-Sequencer (7B5AE74C-D270-4C10-A958-57980B212A5A): 13
LogDevObjectVersion:   Dev-VR (D7296918-1DD6-4BDD-9DE2-64A83CC13884): 3
LogDevObjectVersion:   Dev-LoadTimes (C2A15278-BFE7-4AFE-6C17-90FF531DF755): 1
LogDevObjectVersion:   Private-Geometry (6EACA3D4-40EC-4CC1-B786-8BED09428FC5): 3
LogDevObjectVersion:   Dev-AnimPhys (29E575DD-E0A3-4627-9D10-D276232CDCEA): 17
LogDevObjectVersion:   Dev-Anim (AF43A65D-7FD3-4947-9873-3E8ED9C1BB05): 15
LogDevObjectVersion:   Dev-ReflectionCapture (6B266CEC-1EC7-4B8F-A30B-E4D90942FC07): 1
LogDevObjectVersion:   Dev-Automation (0DF73D61-A23F-47EA-B727-89E90C41499A): 1
LogDevObjectVersion:   FortniteMain (601D1886-AC64-4F84-AA16-D3DE0DEAC7D6): 47
LogDevObjectVersion:   FortniteRelease (E7086368-6B23-4C58-8439-1B7016265E91): 1
LogDevObjectVersion:   Dev-Enterprise (9DFFBCD6-494F-0158-E221-12823C92A888): 10
LogDevObjectVersion:   Dev-Niagara (F2AED0AC-9AFE-416F-8664-AA7FFA26D6FC): 1
LogDevObjectVersion:   Dev-Destruction (174F1F0B-B4C6-45A5-B13F-2EE8D0FB917D): 10
LogDevObjectVersion:   Dev-Physics-Ext (35F94A83-E258-406C-A318-09F59610247C): 41
LogDevObjectVersion:   Dev-PhysicsMaterial-Chaos (B68FC16E-8B1B-42E2-B453-215C058844FE): 1
LogDevObjectVersion:   Dev-CineCamera (B2E18506-4273-CFC2-A54E-F4BB758BBA07): 1
LogDevObjectVersion:   Dev-VirtualProduction (64F58936-FD1B-42BA-BA96-7289D5D0FA4E): 1
LogDevObjectVersion:   Dev-MediaFramework (6F0ED827-A609-4895-9C91-998D90180EA4): 2
LogInit: Presizing for max 25165824 objects, including 0 objects not considered by GC, pre-allocating 0 bytes for permanent pool.
LogConfig: Applying CVar settings from Section [/Script/Engine.StreamingSettings] File [D:/Unreal Projects/TP0/Saved/Config/Windows/Engine.ini]
LogConfig: Setting CVar [[s.MinBulkDataSizeForAsyncLoading:131072]]
LogConfig: Setting CVar [[s.AsyncLoadingThreadEnabled:0]]
LogConfig: Setting CVar [[s.EventDrivenLoaderEnabled:1]]
LogConfig: Setting CVar [[s.WarnIfTimeLimitExceeded:0]]
LogConfig: Setting CVar [[s.TimeLimitExceededMultiplier:1.5]]
LogConfig: Setting CVar [[s.TimeLimitExceededMinTime:0.005]]
LogConfig: Setting CVar [[s.UseBackgroundLevelStreaming:1]]
LogConfig: Setting CVar [[s.PriorityAsyncLoadingExtraTime:15.0]]
LogConfig: Setting CVar [[s.LevelStreamingActorsUpdateTimeLimit:5.0]]
LogConfig: Setting CVar [[s.PriorityLevelStreamingActorsUpdateExtraTime:5.0]]
LogConfig: Setting CVar [[s.LevelStreamingComponentsRegistrationGranularity:10]]
LogConfig: Setting CVar [[s.UnregisterComponentsTimeLimit:1.0]]
LogConfig: Setting CVar [[s.LevelStreamingComponentsUnregistrationGranularity:5]]
LogConfig: Setting CVar [[s.FlushStreamingOnExit:1]]
LogInit: Object subsystem initialized
LogConfig: Setting CVar [[con.DebugEarlyDefault:1]]
LogConfig: Setting CVar [[r.setres:1280x720]]
[2022.01.25-03.24.42:544][  0]LogConfig: Setting CVar [[r.VSync:0]]
[2022.01.25-03.24.42:545][  0]LogConfig: Setting CVar [[r.RHICmdBypass:0]]
[2022.01.25-03.24.42:545][  0]LogConfig: Applying CVar settings from Section [/Script/Engine.RendererSettings] File [D:/Unreal Projects/TP0/Saved/Config/Windows/Engine.ini]
[2022.01.25-03.24.42:545][  0]LogConfig: Setting CVar [[r.GPUCrashDebugging:0]]
[2022.01.25-03.24.42:545][  0]LogConfig: Applying CVar settings from Section [/Script/Engine.RendererOverrideSettings] File [D:/Unreal Projects/TP0/Saved/Config/Windows/Engine.ini]
[2022.01.25-03.24.42:545][  0]LogConfig: Applying CVar settings from Section [/Script/Engine.StreamingSettings] File [D:/Unreal Projects/TP0/Saved/Config/Windows/Engine.ini]
[2022.01.25-03.24.42:545][  0]LogConfig: Setting CVar [[s.MinBulkDataSizeForAsyncLoading:131072]]
[2022.01.25-03.24.42:545][  0]LogConfig: Setting CVar [[s.AsyncLoadingThreadEnabled:0]]
[2022.01.25-03.24.42:545][  0]LogConfig: Setting CVar [[s.EventDrivenLoaderEnabled:1]]
[2022.01.25-03.24.42:545][  0]LogConfig: Setting CVar [[s.WarnIfTimeLimitExceeded:0]]
[2022.01.25-03.24.42:545][  0]LogConfig: Setting CVar [[s.TimeLimitExceededMultiplier:1.5]]
[2022.01.25-03.24.42:545][  0]LogConfig: Setting CVar [[s.TimeLimitExceededMinTime:0.005]]
[2022.01.25-03.24.42:545][  0]LogConfig: Setting CVar [[s.UseBackgroundLevelStreaming:1]]
[2022.01.25-03.24.42:545][  0]LogConfig: Setting CVar [[s.PriorityAsyncLoadingExtraTime:15.0]]
[2022.01.25-03.24.42:545][  0]LogConfig: Setting CVar [[s.LevelStreamingActorsUpdateTimeLimit:5.0]]
[2022.01.25-03.24.42:545][  0]LogConfig: Setting CVar [[s.PriorityLevelStreamingActorsUpdateExtraTime:5.0]]
[2022.01.25-03.24.42:545][  0]LogConfig: Setting CVar [[s.LevelStreamingComponentsRegistrationGranularity:10]]
[2022.01.25-03.24.42:545][  0]LogConfig: Setting CVar [[s.UnregisterComponentsTimeLimit:1.0]]
[2022.01.25-03.24.42:545][  0]LogConfig: Setting CVar [[s.LevelStreamingComponentsUnregistrationGranularity:5]]
[2022.01.25-03.24.42:545][  0]LogConfig: Setting CVar [[s.FlushStreamingOnExit:1]]
[2022.01.25-03.24.42:545][  0]LogConfig: Applying CVar settings from Section [/Script/Engine.GarbageCollectionSettings] File [D:/Unreal Projects/TP0/Saved/Config/Windows/Engine.ini]
[2022.01.25-03.24.42:545][  0]LogConfig: Setting CVar [[gc.MaxObjectsNotConsideredByGC:1]]
[2022.01.25-03.24.42:545][  0]LogConfig: Setting CVar [[gc.SizeOfPermanentObjectPool:0]]
[2022.01.25-03.24.42:545][  0]LogConfig: Setting CVar [[gc.FlushStreamingOnGC:0]]
[2022.01.25-03.24.42:545][  0]LogConfig: Setting CVar [[gc.NumRetriesBeforeForcingGC:10]]
[2022.01.25-03.24.42:545][  0]LogConfig: Setting CVar [[gc.AllowParallelGC:1]]
[2022.01.25-03.24.42:545][  0]LogConfig: Setting CVar [[gc.TimeBetweenPurgingPendingKillObjects:61.1]]
[2022.01.25-03.24.42:545][  0]LogConfig: Setting CVar [[gc.MaxObjectsInEditor:25165824]]
[2022.01.25-03.24.42:545][  0]LogConfig: Setting CVar [[gc.IncrementalBeginDestroyEnabled:1]]
[2022.01.25-03.24.42:545][  0]LogConfig: Setting CVar [[gc.CreateGCClusters:1]]
[2022.01.25-03.24.42:545][  0]LogConfig: Setting CVar [[gc.MinGCClusterSize:5]]
[2022.01.25-03.24.42:545][  0]LogConfig: Setting CVar [[gc.ActorClusteringEnabled:0]]
[2022.01.25-03.24.42:545][  0]LogConfig: Setting CVar [[gc.BlueprintClusteringEnabled:0]]
[2022.01.25-03.24.42:545][  0]LogConfig: Setting CVar [[gc.UseDisregardForGCOnDedicatedServers:0]]
[2022.01.25-03.24.42:545][  0]LogConfig: Setting CVar [[gc.MultithreadedDestructionEnabled:1]]
[2022.01.25-03.24.42:545][  0]LogConfig: Applying CVar settings from Section [/Script/Engine.NetworkSettings] File [D:/Unreal Projects/TP0/Saved/Config/Windows/Engine.ini]
[2022.01.25-03.24.42:545][  0]LogConfig: Applying CVar settings from Section [/Script/UnrealEd.CookerSettings] File [D:/Unreal Projects/TP0/Saved/Config/Windows/Engine.ini]
[2022.01.25-03.24.42:592][  0]LogConfig: Applying CVar settings from Section [ViewDistanceQuality@3] File [D:/Unreal Projects/TP0/Saved/Config/Windows/Scalability.ini]
[2022.01.25-03.24.42:592][  0]LogConfig: Setting CVar [[r.SkeletalMeshLODBias:0]]
[2022.01.25-03.24.42:592][  0]LogConfig: Setting CVar [[r.ViewDistanceScale:1.0]]
[2022.01.25-03.24.42:592][  0]LogConfig: Applying CVar settings from Section [AntiAliasingQuality@3] File [D:/Unreal Projects/TP0/Saved/Config/Windows/Scalability.ini]
[2022.01.25-03.24.42:592][  0]LogConfig: Setting CVar [[r.PostProcessAAQuality:4]]
[2022.01.25-03.24.42:592][  0]LogConfig: Applying CVar settings from Section [ShadowQuality@3] File [D:/Unreal Projects/TP0/Saved/Config/Windows/Scalability.ini]
[2022.01.25-03.24.42:592][  0]LogConfig: Setting CVar [[r.LightFunctionQuality:1]]
[2022.01.25-03.24.42:592][  0]LogConfig: Setting CVar [[r.ShadowQuality:5]]
[2022.01.25-03.24.42:592][  0]LogConfig: Setting CVar [[r.Shadow.CSM.MaxCascades:10]]
[2022.01.25-03.24.42:592][  0]LogConfig: Setting CVar [[r.Shadow.MaxResolution:2048]]
[2022.01.25-03.24.42:592][  0]LogConfig: Setting CVar [[r.Shadow.MaxCSMResolution:2048]]
[2022.01.25-03.24.42:592][  0]LogConfig: Setting CVar [[r.Shadow.RadiusThreshold:0.01]]
[2022.01.25-03.24.42:592][  0]LogConfig: Setting CVar [[r.Shadow.DistanceScale:1.0]]
[2022.01.25-03.24.42:592][  0]LogConfig: Setting CVar [[r.Shadow.CSM.TransitionScale:1.0]]
[2022.01.25-03.24.42:592][  0]LogConfig: Setting CVar [[r.Shadow.PreShadowResolutionFactor:1.0]]
[2022.01.25-03.24.42:592][  0]LogConfig: Setting CVar [[r.DistanceFieldShadowing:1]]
[2022.01.25-03.24.42:592][  0]LogConfig: Setting CVar [[r.DistanceFieldAO:1]]
[2022.01.25-03.24.42:592][  0]LogConfig: Setting CVar [[r.AOQuality:2]]
[2022.01.25-03.24.42:592][  0]LogConfig: Setting CVar [[r.VolumetricFog:1]]
[2022.01.25-03.24.42:592][  0]LogConfig: Setting CVar [[r.VolumetricFog.GridPixelSize:8]]
[2022.01.25-03.24.42:592][  0]LogConfig: Setting CVar [[r.VolumetricFog.GridSizeZ:128]]
[2022.01.25-03.24.42:592][  0]LogConfig: Setting CVar [[r.VolumetricFog.HistoryMissSupersampleCount:4]]
[2022.01.25-03.24.42:592][  0]LogConfig: Setting CVar [[r.LightMaxDrawDistanceScale:1]]
[2022.01.25-03.24.42:592][  0]LogConfig: Setting CVar [[r.CapsuleShadows:1]]
[2022.01.25-03.24.42:592][  0]LogConfig: Applying CVar settings from Section [PostProcessQuality@3] File [D:/Unreal Projects/TP0/Saved/Config/Windows/Scalability.ini]
[2022.01.25-03.24.42:592][  0]LogConfig: Setting CVar [[r.MotionBlurQuality:4]]
[2022.01.25-03.24.42:592][  0]LogConfig: Setting CVar [[r.AmbientOcclusionMipLevelFactor:0.4]]
[2022.01.25-03.24.42:592][  0]LogConfig: Setting CVar [[r.AmbientOcclusionMaxQuality:100]]
[2022.01.25-03.24.42:592][  0]LogConfig: Setting CVar [[r.AmbientOcclusionLevels:-1]]
[2022.01.25-03.24.42:592][  0]LogConfig: Setting CVar [[r.AmbientOcclusionRadiusScale:1.0]]
[2022.01.25-03.24.42:592][  0]LogConfig: Setting CVar [[r.DepthOfFieldQuality:2]]
[2022.01.25-03.24.42:592][  0]LogConfig: Setting CVar [[r.RenderTargetPoolMin:400]]
[2022.01.25-03.24.42:592][  0]LogConfig: Setting CVar [[r.LensFlareQuality:2]]
[2022.01.25-03.24.42:592][  0]LogConfig: Setting CVar [[r.SceneColorFringeQuality:1]]
[2022.01.25-03.24.42:592][  0]LogConfig: Setting CVar [[r.EyeAdaptationQuality:2]]
[2022.01.25-03.24.42:592][  0]LogConfig: Setting CVar [[r.BloomQuality:5]]
[2022.01.25-03.24.42:592][  0]LogConfig: Setting CVar [[r.FastBlurThreshold:100]]
[2022.01.25-03.24.42:592][  0]LogConfig: Setting CVar [[r.Upscale.Quality:3]]
[2022.01.25-03.24.42:592][  0]LogConfig: Setting CVar [[r.Tonemapper.GrainQuantization:1]]
[2022.01.25-03.24.42:592][  0]LogConfig: Setting CVar [[r.LightShaftQuality:1]]
[2022.01.25-03.24.42:592][  0]LogConfig: Setting CVar [[r.Filter.SizeScale:1]]
[2022.01.25-03.24.42:592][  0]LogConfig: Setting CVar [[r.Tonemapper.Quality:5]]
[2022.01.25-03.24.42:592][  0]LogConfig: Setting CVar [[r.DOF.Gather.AccumulatorQuality:1        ; higher gathering accumulator quality]]
[2022.01.25-03.24.42:592][  0]LogConfig: Setting CVar [[r.DOF.Gather.PostfilterMethod:1          ; Median3x3 postfilering method]]
[2022.01.25-03.24.42:592][  0]LogConfig: Setting CVar [[r.DOF.Gather.EnableBokehSettings:0       ; no bokeh simulation when gathering]]
[2022.01.25-03.24.42:592][  0]LogConfig: Setting CVar [[r.DOF.Gather.RingCount:4                 ; medium number of samples when gathering]]
[2022.01.25-03.24.42:592][  0]LogConfig: Setting CVar [[r.DOF.Scatter.ForegroundCompositing:1    ; additive foreground scattering]]
[2022.01.25-03.24.42:592][  0]LogConfig: Setting CVar [[r.DOF.Scatter.BackgroundCompositing:2    ; additive background scattering]]
[2022.01.25-03.24.42:592][  0]LogConfig: Setting CVar [[r.DOF.Scatter.EnableBokehSettings:1      ; bokeh simulation when scattering]]
[2022.01.25-03.24.42:593][  0]LogConfig: Setting CVar [[r.DOF.Scatter.MaxSpriteRatio:0.1         ; only a maximum of 10% of scattered bokeh]]
[2022.01.25-03.24.42:593][  0]LogConfig: Setting CVar [[r.DOF.Recombine.Quality:1                ; cheap slight out of focus]]
[2022.01.25-03.24.42:593][  0]LogConfig: Setting CVar [[r.DOF.Recombine.EnableBokehSettings:0    ; no bokeh simulation on slight out of focus]]
[2022.01.25-03.24.42:593][  0]LogConfig: Setting CVar [[r.DOF.TemporalAAQuality:1                ; more stable temporal accumulation]]
[2022.01.25-03.24.42:593][  0]LogConfig: Setting CVar [[r.DOF.Kernel.MaxForegroundRadius:0.025]]
[2022.01.25-03.24.42:593][  0]LogConfig: Setting CVar [[r.DOF.Kernel.MaxBackgroundRadius:0.025]]
[2022.01.25-03.24.42:593][  0]LogConfig: Applying CVar settings from Section [TextureQuality@3] File [D:/Unreal Projects/TP0/Saved/Config/Windows/Scalability.ini]
[2022.01.25-03.24.42:593][  0]LogConfig: Setting CVar [[r.Streaming.MipBias:0]]
[2022.01.25-03.24.42:593][  0]LogConfig: Setting CVar [[r.Streaming.AmortizeCPUToGPUCopy:0]]
[2022.01.25-03.24.42:593][  0]LogConfig: Setting CVar [[r.Streaming.MaxNumTexturesToStreamPerFrame:0]]
[2022.01.25-03.24.42:593][  0]LogConfig: Setting CVar [[r.Streaming.Boost:1]]
[2022.01.25-03.24.42:593][  0]LogConfig: Setting CVar [[r.MaxAnisotropy:8]]
[2022.01.25-03.24.42:593][  0]LogConfig: Setting CVar [[r.VT.MaxAnisotropy:8]]
[2022.01.25-03.24.42:593][  0]LogConfig: Setting CVar [[r.Streaming.LimitPoolSizeToVRAM:0]]
[2022.01.25-03.24.42:593][  0]LogConfig: Setting CVar [[r.Streaming.PoolSize:1000]]
[2022.01.25-03.24.42:593][  0]LogConfig: Setting CVar [[r.Streaming.MaxEffectiveScreenSize:0]]
[2022.01.25-03.24.42:593][  0]LogConfig: Applying CVar settings from Section [EffectsQuality@3] File [D:/Unreal Projects/TP0/Saved/Config/Windows/Scalability.ini]
[2022.01.25-03.24.42:593][  0]LogConfig: Setting CVar [[r.TranslucencyLightingVolumeDim:64]]
[2022.01.25-03.24.42:593][  0]LogConfig: Setting CVar [[r.RefractionQuality:2]]
[2022.01.25-03.24.42:593][  0]LogConfig: Setting CVar [[r.SSR.Quality:3]]
[2022.01.25-03.24.42:593][  0]LogConfig: Setting CVar [[r.SSR.HalfResSceneColor:0]]
[2022.01.25-03.24.42:593][  0]LogConfig: Setting CVar [[r.SceneColorFormat:4]]
[2022.01.25-03.24.42:593][  0]LogConfig: Setting CVar [[r.DetailMode:2]]
[2022.01.25-03.24.42:593][  0]LogConfig: Setting CVar [[r.TranslucencyVolumeBlur:1]]
[2022.01.25-03.24.42:593][  0]LogConfig: Setting CVar [[r.MaterialQualityLevel:1 ; High quality]]
[2022.01.25-03.24.42:593][  0]LogConfig: Setting CVar [[r.AnisotropicMaterials:1]]
[2022.01.25-03.24.42:593][  0]LogConfig: Setting CVar [[r.SSS.Scale:1]]
[2022.01.25-03.24.42:593][  0]LogConfig: Setting CVar [[r.SSS.SampleSet:2]]
[2022.01.25-03.24.42:593][  0]LogConfig: Setting CVar [[r.SSS.Quality:1]]
[2022.01.25-03.24.42:593][  0]LogConfig: Setting CVar [[r.SSS.HalfRes:0]]
[2022.01.25-03.24.42:593][  0]LogConfig: Setting CVar [[r.SSGI.Quality:3]]
[2022.01.25-03.24.42:593][  0]LogConfig: Setting CVar [[r.EmitterSpawnRateScale:1.0]]
[2022.01.25-03.24.42:593][  0]LogConfig: Setting CVar [[r.ParticleLightQuality:2]]
[2022.01.25-03.24.42:593][  0]LogConfig: Setting CVar [[r.SkyAtmosphere.AerialPerspectiveLUT.FastApplyOnOpaque:1 ; Always have FastSkyLUT 1 in this case to avoid wrong sky]]
[2022.01.25-03.24.42:593][  0]LogConfig: Setting CVar [[r.SkyAtmosphere.AerialPerspectiveLUT.SampleCountMaxPerSlice:4]]
[2022.01.25-03.24.42:593][  0]LogConfig: Setting CVar [[r.SkyAtmosphere.AerialPerspectiveLUT.DepthResolution:16.0]]
[2022.01.25-03.24.42:593][  0]LogConfig: Setting CVar [[r.SkyAtmosphere.FastSkyLUT:1]]
[2022.01.25-03.24.42:593][  0]LogConfig: Setting CVar [[r.SkyAtmosphere.FastSkyLUT.SampleCountMin:4.0]]
[2022.01.25-03.24.42:593][  0]LogConfig: Setting CVar [[r.SkyAtmosphere.FastSkyLUT.SampleCountMax:128.0]]
[2022.01.25-03.24.42:593][  0]LogConfig: Setting CVar [[r.SkyAtmosphere.SampleCountMin:4.0]]
[2022.01.25-03.24.42:593][  0]LogConfig: Setting CVar [[r.SkyAtmosphere.SampleCountMax:128.0]]
[2022.01.25-03.24.42:593][  0]LogConfig: Setting CVar [[r.SkyAtmosphere.TransmittanceLUT.UseSmallFormat:0]]
[2022.01.25-03.24.42:593][  0]LogConfig: Setting CVar [[r.SkyAtmosphere.TransmittanceLUT.SampleCount:10.0]]
[2022.01.25-03.24.42:593][  0]LogConfig: Setting CVar [[r.SkyAtmosphere.MultiScatteringLUT.SampleCount:15.0]]
[2022.01.25-03.24.42:593][  0]LogConfig: Setting CVar [[r.SkyLight.RealTimeReflectionCapture:1]]
[2022.01.25-03.24.42:593][  0]LogConfig: Applying CVar settings from Section [FoliageQuality@3] File [D:/Unreal Projects/TP0/Saved/Config/Windows/Scalability.ini]
[2022.01.25-03.24.42:593][  0]LogConfig: Setting CVar [[foliage.DensityScale:1.0]]
[2022.01.25-03.24.42:593][  0]LogConfig: Setting CVar [[grass.DensityScale:1.0]]
[2022.01.25-03.24.42:593][  0]LogConfig: Applying CVar settings from Section [ShadingQuality@3] File [D:/Unreal Projects/TP0/Saved/Config/Windows/Scalability.ini]
[2022.01.25-03.24.42:593][  0]LogConfig: Setting CVar [[r.HairStrands.SkyLighting.IntegrationType:2]]
[2022.01.25-03.24.42:593][  0]LogConfig: Setting CVar [[r.HairStrands.SkyAO.SampleCount:4]]
[2022.01.25-03.24.42:593][  0]LogConfig: Setting CVar [[r.HairStrands.Visibility.MSAA.SamplePerPixel:4]]
[2022.01.25-03.24.42:593][  0]LogInit: Selected Device Profile: [Windows]
[2022.01.25-03.24.42:593][  0]LogInit: Applying CVar settings loaded from the selected device profile: [Windows]
[2022.01.25-03.24.42:593][  0]LogHAL: Display: Platform has ~ 16 GB [17100705792 / 17179869184 / 16], which maps to Larger [LargestMinGB=32, LargerMinGB=12, DefaultMinGB=8, SmallerMinGB=6, SmallestMinGB=0)
[2022.01.25-03.24.42:593][  0]LogInit: Going up to parent DeviceProfile []
[2022.01.25-03.24.42:593][  0]LogConfig: Applying CVar settings from Section [ViewDistanceQuality@3] File [D:/Unreal Projects/TP0/Saved/Config/Windows/Scalability.ini]
[2022.01.25-03.24.42:594][  0]LogConfig: Setting CVar [[r.SkeletalMeshLODBias:0]]
[2022.01.25-03.24.42:594][  0]LogConfig: Setting CVar [[r.ViewDistanceScale:1.0]]
[2022.01.25-03.24.42:594][  0]LogConfig: Applying CVar settings from Section [AntiAliasingQuality@3] File [D:/Unreal Projects/TP0/Saved/Config/Windows/Scalability.ini]
[2022.01.25-03.24.42:594][  0]LogConfig: Setting CVar [[r.PostProcessAAQuality:4]]
[2022.01.25-03.24.42:594][  0]LogConfig: Applying CVar settings from Section [ShadowQuality@3] File [D:/Unreal Projects/TP0/Saved/Config/Windows/Scalability.ini]
[2022.01.25-03.24.42:594][  0]LogConfig: Setting CVar [[r.LightFunctionQuality:1]]
[2022.01.25-03.24.42:594][  0]LogConfig: Setting CVar [[r.ShadowQuality:5]]
[2022.01.25-03.24.42:594][  0]LogConfig: Setting CVar [[r.Shadow.CSM.MaxCascades:10]]
[2022.01.25-03.24.42:594][  0]LogConfig: Setting CVar [[r.Shadow.MaxResolution:2048]]
[2022.01.25-03.24.42:594][  0]LogConfig: Setting CVar [[r.Shadow.MaxCSMResolution:2048]]
[2022.01.25-03.24.42:594][  0]LogConfig: Setting CVar [[r.Shadow.RadiusThreshold:0.01]]
[2022.01.25-03.24.42:594][  0]LogConfig: Setting CVar [[r.Shadow.DistanceScale:1.0]]
[2022.01.25-03.24.42:594][  0]LogConfig: Setting CVar [[r.Shadow.CSM.TransitionScale:1.0]]
[2022.01.25-03.24.42:594][  0]LogConfig: Setting CVar [[r.Shadow.PreShadowResolutionFactor:1.0]]
[2022.01.25-03.24.42:594][  0]LogConfig: Setting CVar [[r.DistanceFieldShadowing:1]]
[2022.01.25-03.24.42:594][  0]LogConfig: Setting CVar [[r.DistanceFieldAO:1]]
[2022.01.25-03.24.42:594][  0]LogConfig: Setting CVar [[r.AOQuality:2]]
[2022.01.25-03.24.42:594][  0]LogConfig: Setting CVar [[r.VolumetricFog:1]]
[2022.01.25-03.24.42:594][  0]LogConfig: Setting CVar [[r.VolumetricFog.GridPixelSize:8]]
[2022.01.25-03.24.42:594][  0]LogConfig: Setting CVar [[r.VolumetricFog.GridSizeZ:128]]
[2022.01.25-03.24.42:594][  0]LogConfig: Setting CVar [[r.VolumetricFog.HistoryMissSupersampleCount:4]]
[2022.01.25-03.24.42:594][  0]LogConfig: Setting CVar [[r.LightMaxDrawDistanceScale:1]]
[2022.01.25-03.24.42:594][  0]LogConfig: Setting CVar [[r.CapsuleShadows:1]]
[2022.01.25-03.24.42:594][  0]LogConfig: Applying CVar settings from Section [PostProcessQuality@3] File [D:/Unreal Projects/TP0/Saved/Config/Windows/Scalability.ini]
[2022.01.25-03.24.42:594][  0]LogConfig: Setting CVar [[r.MotionBlurQuality:4]]
[2022.01.25-03.24.42:594][  0]LogConfig: Setting CVar [[r.AmbientOcclusionMipLevelFactor:0.4]]
[2022.01.25-03.24.42:594][  0]LogConfig: Setting CVar [[r.AmbientOcclusionMaxQuality:100]]
[2022.01.25-03.24.42:594][  0]LogConfig: Setting CVar [[r.AmbientOcclusionLevels:-1]]
[2022.01.25-03.24.42:594][  0]LogConfig: Setting CVar [[r.AmbientOcclusionRadiusScale:1.0]]
[2022.01.25-03.24.42:594][  0]LogConfig: Setting CVar [[r.DepthOfFieldQuality:2]]
[2022.01.25-03.24.42:594][  0]LogConfig: Setting CVar [[r.RenderTargetPoolMin:400]]
[2022.01.25-03.24.42:594][  0]LogConfig: Setting CVar [[r.LensFlareQuality:2]]
[2022.01.25-03.24.42:594][  0]LogConfig: Setting CVar [[r.SceneColorFringeQuality:1]]
[2022.01.25-03.24.42:594][  0]LogConfig: Setting CVar [[r.EyeAdaptationQuality:2]]
[2022.01.25-03.24.42:594][  0]LogConfig: Setting CVar [[r.BloomQuality:5]]
[2022.01.25-03.24.42:594][  0]LogConfig: Setting CVar [[r.FastBlurThreshold:100]]
[2022.01.25-03.24.42:594][  0]LogConfig: Setting CVar [[r.Upscale.Quality:3]]
[2022.01.25-03.24.42:594][  0]LogConfig: Setting CVar [[r.Tonemapper.GrainQuantization:1]]
[2022.01.25-03.24.42:594][  0]LogConfig: Setting CVar [[r.LightShaftQuality:1]]
[2022.01.25-03.24.42:594][  0]LogConfig: Setting CVar [[r.Filter.SizeScale:1]]
[2022.01.25-03.24.42:594][  0]LogConfig: Setting CVar [[r.Tonemapper.Quality:5]]
[2022.01.25-03.24.42:594][  0]LogConfig: Setting CVar [[r.DOF.Gather.AccumulatorQuality:1        ; higher gathering accumulator quality]]
[2022.01.25-03.24.42:594][  0]LogConfig: Setting CVar [[r.DOF.Gather.PostfilterMethod:1          ; Median3x3 postfilering method]]
[2022.01.25-03.24.42:594][  0]LogConfig: Setting CVar [[r.DOF.Gather.EnableBokehSettings:0       ; no bokeh simulation when gathering]]
[2022.01.25-03.24.42:594][  0]LogConfig: Setting CVar [[r.DOF.Gather.RingCount:4                 ; medium number of samples when gathering]]
[2022.01.25-03.24.42:594][  0]LogConfig: Setting CVar [[r.DOF.Scatter.ForegroundCompositing:1    ; additive foreground scattering]]
[2022.01.25-03.24.42:594][  0]LogConfig: Setting CVar [[r.DOF.Scatter.BackgroundCompositing:2    ; additive background scattering]]
[2022.01.25-03.24.42:594][  0]LogConfig: Setting CVar [[r.DOF.Scatter.EnableBokehSettings:1      ; bokeh simulation when scattering]]
[2022.01.25-03.24.42:594][  0]LogConfig: Setting CVar [[r.DOF.Scatter.MaxSpriteRatio:0.1         ; only a maximum of 10% of scattered bokeh]]
[2022.01.25-03.24.42:594][  0]LogConfig: Setting CVar [[r.DOF.Recombine.Quality:1                ; cheap slight out of focus]]
[2022.01.25-03.24.42:594][  0]LogConfig: Setting CVar [[r.DOF.Recombine.EnableBokehSettings:0    ; no bokeh simulation on slight out of focus]]
[2022.01.25-03.24.42:594][  0]LogConfig: Setting CVar [[r.DOF.TemporalAAQuality:1                ; more stable temporal accumulation]]
[2022.01.25-03.24.42:594][  0]LogConfig: Setting CVar [[r.DOF.Kernel.MaxForegroundRadius:0.025]]
[2022.01.25-03.24.42:594][  0]LogConfig: Setting CVar [[r.DOF.Kernel.MaxBackgroundRadius:0.025]]
[2022.01.25-03.24.42:594][  0]LogConfig: Applying CVar settings from Section [TextureQuality@3] File [D:/Unreal Projects/TP0/Saved/Config/Windows/Scalability.ini]
[2022.01.25-03.24.42:594][  0]LogConfig: Setting CVar [[r.Streaming.MipBias:0]]
[2022.01.25-03.24.42:594][  0]LogConfig: Setting CVar [[r.Streaming.AmortizeCPUToGPUCopy:0]]
[2022.01.25-03.24.42:595][  0]LogConfig: Setting CVar [[r.Streaming.MaxNumTexturesToStreamPerFrame:0]]
[2022.01.25-03.24.42:595][  0]LogConfig: Setting CVar [[r.Streaming.Boost:1]]
[2022.01.25-03.24.42:595][  0]LogConfig: Setting CVar [[r.MaxAnisotropy:8]]
[2022.01.25-03.24.42:595][  0]LogConfig: Setting CVar [[r.VT.MaxAnisotropy:8]]
[2022.01.25-03.24.42:595][  0]LogConfig: Setting CVar [[r.Streaming.LimitPoolSizeToVRAM:0]]
[2022.01.25-03.24.42:595][  0]LogConfig: Setting CVar [[r.Streaming.PoolSize:1000]]
[2022.01.25-03.24.42:595][  0]LogConfig: Setting CVar [[r.Streaming.MaxEffectiveScreenSize:0]]
[2022.01.25-03.24.42:595][  0]LogConfig: Applying CVar settings from Section [EffectsQuality@3] File [D:/Unreal Projects/TP0/Saved/Config/Windows/Scalability.ini]
[2022.01.25-03.24.42:595][  0]LogConfig: Setting CVar [[r.TranslucencyLightingVolumeDim:64]]
[2022.01.25-03.24.42:595][  0]LogConfig: Setting CVar [[r.RefractionQuality:2]]
[2022.01.25-03.24.42:595][  0]LogConfig: Setting CVar [[r.SSR.Quality:3]]
[2022.01.25-03.24.42:595][  0]LogConfig: Setting CVar [[r.SSR.HalfResSceneColor:0]]
[2022.01.25-03.24.42:595][  0]LogConfig: Setting CVar [[r.SceneColorFormat:4]]
[2022.01.25-03.24.42:595][  0]LogConfig: Setting CVar [[r.DetailMode:2]]
[2022.01.25-03.24.42:595][  0]LogConfig: Setting CVar [[r.TranslucencyVolumeBlur:1]]
[2022.01.25-03.24.42:595][  0]LogConfig: Setting CVar [[r.MaterialQualityLevel:1 ; High quality]]
[2022.01.25-03.24.42:595][  0]LogConfig: Setting CVar [[r.AnisotropicMaterials:1]]
[2022.01.25-03.24.42:595][  0]LogConfig: Setting CVar [[r.SSS.Scale:1]]
[2022.01.25-03.24.42:595][  0]LogConfig: Setting CVar [[r.SSS.SampleSet:2]]
[2022.01.25-03.24.42:595][  0]LogConfig: Setting CVar [[r.SSS.Quality:1]]
[2022.01.25-03.24.42:595][  0]LogConfig: Setting CVar [[r.SSS.HalfRes:0]]
[2022.01.25-03.24.42:595][  0]LogConfig: Setting CVar [[r.SSGI.Quality:3]]
[2022.01.25-03.24.42:595][  0]LogConfig: Setting CVar [[r.EmitterSpawnRateScale:1.0]]
[2022.01.25-03.24.42:595][  0]LogConfig: Setting CVar [[r.ParticleLightQuality:2]]
[2022.01.25-03.24.42:595][  0]LogConfig: Setting CVar [[r.SkyAtmosphere.AerialPerspectiveLUT.FastApplyOnOpaque:1 ; Always have FastSkyLUT 1 in this case to avoid wrong sky]]
[2022.01.25-03.24.42:595][  0]LogConfig: Setting CVar [[r.SkyAtmosphere.AerialPerspectiveLUT.SampleCountMaxPerSlice:4]]
[2022.01.25-03.24.42:595][  0]LogConfig: Setting CVar [[r.SkyAtmosphere.AerialPerspectiveLUT.DepthResolution:16.0]]
[2022.01.25-03.24.42:595][  0]LogConfig: Setting CVar [[r.SkyAtmosphere.FastSkyLUT:1]]
[2022.01.25-03.24.42:595][  0]LogConfig: Setting CVar [[r.SkyAtmosphere.FastSkyLUT.SampleCountMin:4.0]]
[2022.01.25-03.24.42:595][  0]LogConfig: Setting CVar [[r.SkyAtmosphere.FastSkyLUT.SampleCountMax:128.0]]
[2022.01.25-03.24.42:595][  0]LogConfig: Setting CVar [[r.SkyAtmosphere.SampleCountMin:4.0]]
[2022.01.25-03.24.42:595][  0]LogConfig: Setting CVar [[r.SkyAtmosphere.SampleCountMax:128.0]]
[2022.01.25-03.24.42:595][  0]LogConfig: Setting CVar [[r.SkyAtmosphere.TransmittanceLUT.UseSmallFormat:0]]
[2022.01.25-03.24.42:595][  0]LogConfig: Setting CVar [[r.SkyAtmosphere.TransmittanceLUT.SampleCount:10.0]]
[2022.01.25-03.24.42:595][  0]LogConfig: Setting CVar [[r.SkyAtmosphere.MultiScatteringLUT.SampleCount:15.0]]
[2022.01.25-03.24.42:595][  0]LogConfig: Setting CVar [[r.SkyLight.RealTimeReflectionCapture:1]]
[2022.01.25-03.24.42:595][  0]LogConfig: Applying CVar settings from Section [FoliageQuality@3] File [D:/Unreal Projects/TP0/Saved/Config/Windows/Scalability.ini]
[2022.01.25-03.24.42:595][  0]LogConfig: Setting CVar [[foliage.DensityScale:1.0]]
[2022.01.25-03.24.42:595][  0]LogConfig: Setting CVar [[grass.DensityScale:1.0]]
[2022.01.25-03.24.42:595][  0]LogConfig: Applying CVar settings from Section [ShadingQuality@3] File [D:/Unreal Projects/TP0/Saved/Config/Windows/Scalability.ini]
[2022.01.25-03.24.42:595][  0]LogConfig: Setting CVar [[r.HairStrands.SkyLighting.IntegrationType:2]]
[2022.01.25-03.24.42:595][  0]LogConfig: Setting CVar [[r.HairStrands.SkyAO.SampleCount:4]]
[2022.01.25-03.24.42:595][  0]LogConfig: Setting CVar [[r.HairStrands.Visibility.MSAA.SamplePerPixel:4]]
[2022.01.25-03.24.42:595][  0]LogConfig: Applying CVar settings from Section [Startup] File [../../../Engine/Config/ConsoleVariables.ini]
[2022.01.25-03.24.42:596][  0]LogConfig: Setting CVar [[net.UseAdaptiveNetUpdateFrequency:0]]
[2022.01.25-03.24.42:596][  0]LogConfig: Setting CVar [[p.chaos.AllowCreatePhysxBodies:1]]
[2022.01.25-03.24.42:596][  0]LogConfig: Setting CVar [[fx.SkipVectorVMBackendOptimizations:1]]
[2022.01.25-03.24.42:596][  0]LogConfig: Applying CVar settings from Section [ConsoleVariables] File [D:/Unreal Projects/TP0/Saved/Config/Windows/Engine.ini]
[2022.01.25-03.24.42:596][  0]LogConfig: Applying CVar settings from Section [ConsoleVariables] File [D:/Unreal Projects/TP0/Saved/Config/Windows/Editor.ini]
[2022.01.25-03.24.42:596][  0]LogInit: Computer: FIXX-PC
[2022.01.25-03.24.42:596][  0]LogInit: User: Fixx
[2022.01.25-03.24.42:596][  0]LogInit: CPU Page size=4096, Cores=4
[2022.01.25-03.24.42:596][  0]LogInit: High frequency timer resolution =10.000000 MHz
[2022.01.25-03.24.42:596][  0]LogMemory: Memory total: Physical=15.9GB (16GB approx)
[2022.01.25-03.24.42:596][  0]LogMemory: Platform Memory Stats for Windows
[2022.01.25-03.24.42:596][  0]LogMemory: Process Physical Memory: 141.98 MB used, 141.98 MB peak
[2022.01.25-03.24.42:596][  0]LogMemory: Process Virtual Memory: 118.05 MB used, 118.05 MB peak
[2022.01.25-03.24.42:596][  0]LogMemory: Physical Memory: 7123.24 MB used,  9185.26 MB free, 16308.50 MB total
[2022.01.25-03.24.42:596][  0]LogMemory: Virtual Memory: 134197136.00 MB used,  20590.50 MB free, 134217728.00 MB total
[2022.01.25-03.24.42:602][  0]LogWindows: WindowsPlatformFeatures enabled
[2022.01.25-03.24.42:663][  0]LogInit: Physics initialised using underlying interface: PhysX
[2022.01.25-03.24.42:664][  0]LogInit: Using OS detected language (en-US).
[2022.01.25-03.24.42:664][  0]LogInit: Using OS detected locale (en-US).
[2022.01.25-03.24.42:667][  0]LogTextLocalizationManager: No specific localization for 'en-US' exists, so the 'en' localization will be used.
[2022.01.25-03.24.42:884][  0]LogInit: Setting process to per monitor DPI aware
[2022.01.25-03.24.42:901][  0]LogWindowsTextInputMethodSystem: Display: IME system deactivated.
[2022.01.25-03.24.42:927][  0]LogSlate: New Slate User Created.  User Index 0, Is Virtual User: 0
[2022.01.25-03.24.42:927][  0]LogSlate: Slate User Registered.  User Index 0, Is Virtual User: 0
[2022.01.25-03.24.43:219][  0]LogD3D11RHI: Loaded GFSDK_Aftermath_Lib.x64.dll
[2022.01.25-03.24.43:222][  0]LogHMD: Failed to initialize OpenVR with code 110
[2022.01.25-03.24.43:222][  0]LogD3D11RHI: D3D11 min allowed feature level: 11_0
[2022.01.25-03.24.43:222][  0]LogD3D11RHI: D3D11 max allowed feature level: 11_0
[2022.01.25-03.24.43:222][  0]LogD3D11RHI: D3D11 adapters:
[2022.01.25-03.24.43:285][  0]LogD3D11RHI:    0. 'NVIDIA GeForce GTX 1060 6GB' (Feature Level 11_0)
[2022.01.25-03.24.43:285][  0]LogD3D11RHI:       6052/0/8154 MB DedicatedVideo/DedicatedSystem/SharedSystem, Outputs:3, VendorId:0x10de
[2022.01.25-03.24.43:288][  0]LogD3D11RHI:    1. 'Microsoft Basic Render Driver' (Feature Level 11_0)
[2022.01.25-03.24.43:288][  0]LogD3D11RHI:       0/0/8154 MB DedicatedVideo/DedicatedSystem/SharedSystem, Outputs:0, VendorId:0x1414
[2022.01.25-03.24.43:288][  0]LogD3D11RHI: Chosen D3D11 Adapter:
[2022.01.25-03.24.43:288][  0]LogD3D11RHI:     Description : NVIDIA GeForce GTX 1060 6GB
[2022.01.25-03.24.43:288][  0]LogD3D11RHI:     VendorId    : 10de
[2022.01.25-03.24.43:288][  0]LogD3D11RHI:     DeviceId    : 1c03
[2022.01.25-03.24.43:288][  0]LogD3D11RHI:     SubSysId    : 37391458
[2022.01.25-03.24.43:288][  0]LogD3D11RHI:     Revision    : 00a1
[2022.01.25-03.24.43:288][  0]LogD3D11RHI:     DedicatedVideoMemory : 6345981952 bytes
[2022.01.25-03.24.43:288][  0]LogD3D11RHI:     DedicatedSystemMemory : 0 bytes
[2022.01.25-03.24.43:288][  0]LogD3D11RHI:     SharedSystemMemory : 8550352896 bytes
[2022.01.25-03.24.43:288][  0]LogD3D11RHI:     AdapterLuid : 0 44914
[2022.01.25-03.24.43:294][  0]LogD3D11RHI: Creating new Direct3DDevice
[2022.01.25-03.24.43:294][  0]LogD3D11RHI:     GPU DeviceId: 0x1c03 (for the marketing name, search the web for "GPU Device Id")
[2022.01.25-03.24.43:294][  0]LogWindows: EnumDisplayDevices:
[2022.01.25-03.24.43:295][  0]LogWindows:    0. 'NVIDIA GeForce GTX 1060 6GB' (P:1 D:1)
[2022.01.25-03.24.43:295][  0]LogWindows:    1. 'NVIDIA GeForce GTX 1060 6GB' (P:0 D:1)
[2022.01.25-03.24.43:295][  0]LogWindows:    2. 'NVIDIA GeForce GTX 1060 6GB' (P:0 D:1)
[2022.01.25-03.24.43:296][  0]LogWindows:    3. 'NVIDIA GeForce GTX 1060 6GB' (P:0 D:0)
[2022.01.25-03.24.43:296][  0]LogWindows: DebugString: FoundDriverCount:4 
[2022.01.25-03.24.43:296][  0]LogD3D11RHI:     Adapter Name: NVIDIA GeForce GTX 1060 6GB
[2022.01.25-03.24.43:296][  0]LogD3D11RHI:   Driver Version: 457.30 (internal:27.21.14.5730, unified:457.30)
[2022.01.25-03.24.43:296][  0]LogD3D11RHI:      Driver Date: 11-6-2020
[2022.01.25-03.24.43:296][  0]LogRHI: Texture pool is 4236 MB (70% of 6052 MB)
[2022.01.25-03.24.43:296][  0]LogD3D11RHI: Creating D3DDevice using adapter:
[2022.01.25-03.24.43:296][  0]LogD3D11RHI:     Description : NVIDIA GeForce GTX 1060 6GB
[2022.01.25-03.24.43:296][  0]LogD3D11RHI:     VendorId    : 10de
[2022.01.25-03.24.43:296][  0]LogD3D11RHI:     DeviceId    : 1c03
[2022.01.25-03.24.43:296][  0]LogD3D11RHI:     SubSysId    : 37391458
[2022.01.25-03.24.43:296][  0]LogD3D11RHI:     Revision    : 00a1
[2022.01.25-03.24.43:296][  0]LogD3D11RHI:     DedicatedVideoMemory : 6345981952 bytes
[2022.01.25-03.24.43:296][  0]LogD3D11RHI:     DedicatedSystemMemory : 0 bytes
[2022.01.25-03.24.43:296][  0]LogD3D11RHI:     SharedSystemMemory : 8550352896 bytes
[2022.01.25-03.24.43:296][  0]LogD3D11RHI:     AdapterLuid : 0 44914
[2022.01.25-03.24.43:337][  0]LogD3D11RHI: RHI has support for 64 bit atomics
[2022.01.25-03.24.43:338][  0]LogD3D11RHI: Async texture creation enabled
[2022.01.25-03.24.43:338][  0]LogD3D11RHI: Array index from any shader is supported
[2022.01.25-03.24.43:340][  0]LogD3D11RHI: HDR output is supported on display 0 (NvId: 0x80061081).
[2022.01.25-03.24.43:357][  0]LogD3D11RHI: GPU Timing Frequency: 1000.000000 (Debug: 2 1)
[2022.01.25-03.24.43:415][  0]LogRHI: GeForceNow SDK initialized: 1
[2022.01.25-03.24.43:761][  0]LogTargetPlatformManager: Display: Loaded TargetPlatform 'AllDesktop'
[2022.01.25-03.24.43:786][  0]LogTargetPlatformManager: Display: Loaded TargetPlatform 'Android'
[2022.01.25-03.24.43:786][  0]LogTargetPlatformManager: Display: Loaded TargetPlatform 'Android_ASTC'
[2022.01.25-03.24.43:786][  0]LogTargetPlatformManager: Display: Loaded TargetPlatform 'Android_DXT'
[2022.01.25-03.24.43:786][  0]LogTargetPlatformManager: Display: Loaded TargetPlatform 'Android_ETC2'
[2022.01.25-03.24.43:786][  0]LogTargetPlatformManager: Display: Loaded TargetPlatform 'AndroidClient'
[2022.01.25-03.24.43:786][  0]LogTargetPlatformManager: Display: Loaded TargetPlatform 'Android_ASTCClient'
[2022.01.25-03.24.43:786][  0]LogTargetPlatformManager: Display: Loaded TargetPlatform 'Android_DXTClient'
[2022.01.25-03.24.43:786][  0]LogTargetPlatformManager: Display: Loaded TargetPlatform 'Android_ETC2Client'
[2022.01.25-03.24.43:786][  0]LogTargetPlatformManager: Display: Loaded TargetPlatform 'Android_Multi'
[2022.01.25-03.24.43:786][  0]LogTargetPlatformManager: Display: Loaded TargetPlatform 'Android_MultiClient'
[2022.01.25-03.24.43:805][  0]LogTargetPlatformManager: Display: Loaded TargetPlatform 'IOSClient'
[2022.01.25-03.24.43:805][  0]LogTargetPlatformManager: Display: Loaded TargetPlatform 'IOS'
[2022.01.25-03.24.43:814][  0]LogTargetPlatformManager: Display: Loaded TargetPlatform 'Linux'
[2022.01.25-03.24.43:819][  0]LogTargetPlatformManager: Display: Loaded TargetPlatform 'LinuxNoEditor'
[2022.01.25-03.24.43:823][  0]LogTargetPlatformManager: Display: Loaded TargetPlatform 'LinuxClient'
[2022.01.25-03.24.43:828][  0]LogTargetPlatformManager: Display: Loaded TargetPlatform 'LinuxServer'
[2022.01.25-03.24.43:837][  0]LogTargetPlatformManager: Display: Loaded TargetPlatform 'LinuxAArch64NoEditor'
[2022.01.25-03.24.43:842][  0]LogTargetPlatformManager: Display: Loaded TargetPlatform 'LinuxAArch64Client'
[2022.01.25-03.24.43:847][  0]LogTargetPlatformManager: Display: Loaded TargetPlatform 'LinuxAArch64Server'
[2022.01.25-03.24.43:874][  0]LogTargetPlatformManager: Display: Loaded TargetPlatform 'Lumin'
[2022.01.25-03.24.43:874][  0]LogTargetPlatformManager: Display: Loaded TargetPlatform 'LuminClient'
[2022.01.25-03.24.43:886][  0]LogTargetPlatformManager: Display: Loaded TargetPlatform 'MacNoEditor'
[2022.01.25-03.24.43:891][  0]LogTargetPlatformManager: Display: Loaded TargetPlatform 'Mac'
[2022.01.25-03.24.43:897][  0]LogTargetPlatformManager: Display: Loaded TargetPlatform 'MacClient'
[2022.01.25-03.24.43:903][  0]LogTargetPlatformManager: Display: Loaded TargetPlatform 'MacServer'
[2022.01.25-03.24.43:914][  0]LogTargetPlatformManager: Display: Loaded TargetPlatform 'TVOSClient'
[2022.01.25-03.24.43:914][  0]LogTargetPlatformManager: Display: Loaded TargetPlatform 'TVOS'
[2022.01.25-03.24.43:925][  0]LogTargetPlatformManager: Display: Loaded TargetPlatform 'WindowsNoEditor'
[2022.01.25-03.24.43:930][  0]LogTargetPlatformManager: Display: Loaded TargetPlatform 'Windows'
[2022.01.25-03.24.43:936][  0]LogTargetPlatformManager: Display: Loaded TargetPlatform 'WindowsClient'
[2022.01.25-03.24.43:941][  0]LogTargetPlatformManager: Display: Loaded TargetPlatform 'WindowsServer'
[2022.01.25-03.24.43:941][  0]LogTargetPlatformManager: Display: Building Assets For Windows
[2022.01.25-03.24.43:952][  0]LogAudioDebug: Display: Lib vorbis DLL was dynamically loaded.
[2022.01.25-03.24.43:986][  0]LogTextureFormatOodle: Display: Oodle Texture 2.9.0 init RDO Off
[2022.01.25-03.24.44:025][  0]LogRendererCore: Ray tracing is disabled. Reason: r.RayTracing=0.
[2022.01.25-03.24.44:025][  0]LogShaderCompilers: Guid format shader working directory is 10 characters bigger than the processId version (../../../../../Unreal Projects/TP0/Intermediate/Shaders/WorkingDirectory/11312/).
[2022.01.25-03.24.44:025][  0]LogShaderCompilers: Cleaned the shader compiler working directory 'C:/Users/Fixx/AppData/Local/Temp/UnrealShaderWorkingDir/CCED85334E4B2D3ABB3014AC1AA729AB/'.
[2022.01.25-03.24.44:025][  0]LogXGEController: Cannot use XGE Controller as Incredibuild is not installed on this machine.
[2022.01.25-03.24.44:025][  0]LogShaderCompilers: Cannot use XGE Shader Compiler as Incredibuild is not installed on this machine.
[2022.01.25-03.24.44:025][  0]LogShaderCompilers: Display: Using Local Shader Compiler.
[2022.01.25-03.24.45:100][  0]LogDerivedDataCache: Display: Max Cache Size: 512 MB
[2022.01.25-03.24.45:166][  0]LogDerivedDataCache: Loaded boot cache 0.07s 94MB C:/Users/Fixx/AppData/Local/UnrealEngine/4.27/DerivedDataCache/Boot.ddc.
[2022.01.25-03.24.45:166][  0]LogDerivedDataCache: Display: Loaded Boot cache: C:/Users/Fixx/AppData/Local/UnrealEngine/4.27/DerivedDataCache/Boot.ddc
[2022.01.25-03.24.45:166][  0]LogDerivedDataCache: FDerivedDataBackendGraph:  Pak pak cache file ../../../../../Unreal Projects/TP0/DerivedDataCache/DDC.ddp not found, will not use a pak cache.
[2022.01.25-03.24.45:166][  0]LogDerivedDataCache: Unable to find inner node Pak for hierarchical cache Hierarchy.
[2022.01.25-03.24.45:166][  0]LogDerivedDataCache: FDerivedDataBackendGraph:  CompressedPak pak cache file ../../../../../Unreal Projects/TP0/DerivedDataCache/Compressed.ddp not found, will not use a pak cache.
[2022.01.25-03.24.45:166][  0]LogDerivedDataCache: Unable to find inner node CompressedPak for hierarchical cache Hierarchy.
[2022.01.25-03.24.45:184][  0]LogDerivedDataCache: Display: Pak cache opened for reading ../../../Engine/DerivedDataCache/Compressed.ddp.
[2022.01.25-03.24.45:184][  0]LogDerivedDataCache: FDerivedDataBackendGraph:  EnterprisePak pak cache file ../../../Enterprise/DerivedDataCache/Compressed.ddp not found, will not use a pak cache.
[2022.01.25-03.24.45:184][  0]LogDerivedDataCache: Unable to find inner node EnterprisePak for hierarchical cache Hierarchy.
[2022.01.25-03.24.45:189][  0]LogDerivedDataCache: Speed tests for C:/Users/Fixx/AppData/Local/UnrealEngine/Common/DerivedDataCache took 0.01 seconds
[2022.01.25-03.24.45:189][  0]LogDerivedDataCache: Display: Performance to C:/Users/Fixx/AppData/Local/UnrealEngine/Common/DerivedDataCache: Latency=0.04ms. RandomReadSpeed=1040.62MBs, RandomWriteSpeed=249.90MBs. Assigned SpeedClass 'Local'
[2022.01.25-03.24.45:190][  0]LogDerivedDataCache: Using Local data cache path C:/Users/Fixx/AppData/Local/UnrealEngine/Common/DerivedDataCache: Writable
[2022.01.25-03.24.45:190][  0]LogDerivedDataCache: Shared data cache path not found in *engine.ini, will not use an Shared cache.
[2022.01.25-03.24.45:190][  0]LogDerivedDataCache: Unable to find inner node Shared for hierarchical cache Hierarchy.
[2022.01.25-03.24.45:237][  0]LogSlate: Using FreeType 2.10.0
[2022.01.25-03.24.45:238][  0]LogSlate: SlateFontServices - WITH_FREETYPE: 1, WITH_HARFBUZZ: 1
[2022.01.25-03.24.45:277][  0]LogAssetRegistry: FAssetRegistry took 0.0035 seconds to start up
[2022.01.25-03.24.45:528][  0]LogInit: Selected Device Profile: [Windows]
[2022.01.25-03.24.45:528][  0]LogInit: Active device profile: [00000228DE183500][00000228DE1285C0 49] Windows
[2022.01.25-03.24.45:528][  0]LogInit: Profiles: [00000228DE183500][00000228DE1285C0 49] Windows, [00000228DF138D00][00000228D49A4740 49] WindowsNoEditor, [00000228DE180D00][00000228DE12C880 49] WindowsServer, [00000228DF13AE00][00000228D49A89C0 49] WindowsClient, [00000228DE182D00][00000228D49ACB00 49] IOS, [00000228DF139500][00000228DF144C80 49] iPadAir, [00000228DE181400][00000228DF148E00 49] iPadAir2, [00000228DF0D7D00][00000228DF1510C0 49] IPadPro, [00000228DF0D7E00][00000228DF14D100 49] iPadAir3, [00000228DE182800][00000228DF155280 49] iPadAir4, [00000228DF0D5200][00000228DF159400 49] iPadMini2, [00000228DE181800][00000228DF15D580 49] iPadMini3, [00000228DF0D6800][00000228DF161700 49] iPadMini4, [00000228DE183900][00000228DF165880 49] iPadMini5, [00000228DF127600][00000228DF16DB40 49] iPhone6, [00000228DF127700][00000228DF169B80 49] iPodTouch6, [00000228DF0D4200][00000228DF1742C0 49] iPhone7, [00000228DF0D4100][00000228DF170300 49] iPodTouch7, [00000228DF125100][00000228DF178480 49] iPhone5S, [00000228DF0D4D00][00000228DF17C600 49] iPhone6Plus, [00000228DF126900][00000228DF180780 49] iPhone6S, [00000228DF0D4C00][00000228DF184900 49] iPhone6SPlus, [00000228DF125800][00000228DF140A40 49] iPhone7Plus, [00000228DF0D6400][00000228DF188B80 49] iPhoneSE, [00000228DF126200][00000228DF18CCC0 49] iPhone8, [00000228DF0D7500][00000228DF194E40 49] iPhone8Plus, [00000228DF124D00][00000228DF198FC0 49] iPhoneX, [00000228DF0D5700][00000228DF19D140 49] iPhoneXS, [00000228DF126C00][00000228DF1A12C0 49] iPhoneXSMax, [00000228DF0D6D00][00000228DF1A5440 49] iPhoneXR, [00000228DF126800][00000228DF1A95C0 49] iPhone11, [00000228DF0D7400][00000228DF1AD740 49] iPhone11Pro, [00000228DF124F00][00000228DF1B18C0 49] iPhone11ProMax, [00000228DF0D5800][00000228DF1B5A40 49] iPhoneSE2, [00000228DF125300][00000228DF1B9BC0 49] iPhone12Mini, [00000228DF0D7900][00000228DF1BC1C0 49] iPhone12, [00000228DF126A00][00000228DF1C0340 49] iPhone12Pro, [00000228DF0D6A00][00000228DF1C44C0 49] iPhone12ProMax, [00000228DF125700][00000228DF1C8640 49] iPadPro105, [00000228DF0D4800][00000228DF1CC7C0 49] iPadPro129, [00000228DF126E00][00000228DF1D0940 49] iPadPro97, [00000228DF0D6600][00000228DF1D4AC0 49] iPadPro2_129, [00000228DF125A00][00000228DF190C00 49] iPad5, [00000228DF0D7B00][00000228DF1D8D40 49] iPad6, [00000228DF125D00][00000228DF1DCE80 49] iPad7, [00000228DF0D5E00][00000228DF1E0FC0 49] iPad8, [00000228DF126100][00000228DF1E9140 49] iPadPro11, [00000228DF0D5100][00000228DF1ED2C0 49] iPadPro2_11, [00000228DF124500][00000228DF1F1440 49] iPadPro3_129, [00000228DF0D4F00][00000228DF1F55C0 49] iPadPro4_129, [00000228DF125400][00000228DF1F9740 49] AppleTV, [00000228DF0D6200][00000228DF1FD8C0 49] AppleTV4K, [00000228DF124700][00000228DF201A40 49] TVOS, [00000228DF0D6100][00000228DF205BC0 49] Mac, [00000228DF125200][00000228DF2081C0 49] MacClient, [00000228DF0D7C00][00000228DF20C340 49] MacNoEditor, [00000228DF127200][00000228DF2104C0 49] MacServer, [00000228DF0D4300][00000228DF214640 49] Linux, [00000228DF124200][00000228DF2187C0 49] LinuxAArch64, [00000228DF0D5000][00000228DF21C940 49] LinuxNoEditor, [00000228DF124800][00000228DF220AC0 49] LinuxAArch64NoEditor, [00000228DF0D6500][00000228DF224C40 49] LinuxClient, [00000228DE1BDB00][00000228DF1E4D80 49] LinuxAArch64Client, [00000228DF138100][00000228DF228EC0 49] LinuxServer, [00000228DE1BE100][00000228DF22D000 49] LinuxAArch64Server, [00000228DF139D00][00000228DF231140 49] Android, [00000228DE1BCF00][00000228DF2392C0 49] Android_Low, [00000228DF13BA00][00000228DF23D440 49] Android_Mid, [00000228DE1BD300][00000228DF2415C0 49] Android_High, [00000228DF13A400][00000228DF245740 49] Android_Default, [00000228DE1BD500][00000228DF2498C0 49] Android_Adreno4xx, [00000228DF13B000][00000228DF24DA40 49] Android_Adreno5xx_Low, [00000228DE1BCD00][00000228DF251BC0 49] Android_Adreno5xx, [00000228DF13A700][00000228DF2541C0 49] Android_Adreno6xx, [00000228DE1BDD00][00000228DF258340 49] Android_Adreno6xx_Vulkan, [00000228DF139400][00000228DF25C4C0 49] Android_Mali_T6xx, [00000228DE1BC400][00000228DF260640 49] Android_Mali_T7xx, [00000228DF138600][00000228DF2647C0 49] Android_Mali_T8xx, [00000228DE1BD900][00000228DF268940 49] Android_Mali_G71, [00000228DF13B800][00000228DF26CAC0 49] Android_Mali_G72, [00000228DF0D7000][00000228DF270C40 49] Android_Mali_G72_Vulkan, [00000228DF126600][00000228DF274DC0 49] Android_Mali_G76, [00000228DF0D6900][00000228DF278F40 49] Android_Mali_G76_Vulkan, [00000228DF126500][00000228DF235080 49] Android_Mali_G77, [00000228DF0D4A00][00000228DF27D1C0 49] Android_Mali_G77_Vulkan, [00000228DF127400][00000228DF281300 49] Android_Mali_G78, [00000228DF0D5900][00000228DF289480 49] Android_Mali_G78_Vulkan, [00000228DF127A00][00000228DF28D600 49] Android_Mali_G710, [00000228DF0D7600][00000228DF291780 49] Android_Mali_G710_Vulkan, [00000228DF127800][00000228DF295900 49] Android_Vulkan_SM5, [00000228DF0D5300][00000228DF299A80 49] Android_PowerVR_G6xxx, [00000228DE1BCB00][00000228DF29DC00 49] Android_PowerVR_GT7xxx, [00000228DF0D7100][00000228DF2A0200 49] Android_PowerVR_GE8xxx, [00000228DE1BC800][00000228DF2A4380 49] Android_PowerVR_GM9xxx, [00000228DF0D6000][00000228DF2A8500 49] Android_PowerVR_GM9xxx_Vulkan, [00000228DE1BDC00][00000228DF2AC680 49] Android_TegraK1, [00000228DF0D7300][00000228DF2B0800 49] Android_Unknown_Vulkan, [00000228DE1BE400][00000228DF2B4980 49] Lumin, [00000228DF0D4400][00000228DF2B8B00 49] Lumin_Desktop, [00000228DE1BD000][00000228DF2BCC80 49] HoloLens, 
[2022.01.25-03.24.45:664][  0]LogMeshReduction: Using QuadricMeshReduction for automatic static mesh reduction
[2022.01.25-03.24.45:664][  0]LogMeshReduction: Using SimplygonMeshReduction for automatic skeletal mesh reduction
[2022.01.25-03.24.45:664][  0]LogMeshReduction: Using ProxyLODMeshReduction for automatic mesh merging
[2022.01.25-03.24.45:664][  0]LogMeshReduction: No distributed automatic mesh merging module available
[2022.01.25-03.24.45:664][  0]LogMeshMerging: No distributed automatic mesh merging module available
[2022.01.25-03.24.45:694][  0]LogNetVersion: TP0 1.0.0, NetCL: 17155196, EngineNetVer: 17, GameNetVer: 0 (Checksum: 3285968557)
[2022.01.25-03.24.46:197][  0]LogTexture: Default maximum texture size for cubemaps generated from long-lat sources has been changed from 512 to unlimited. In order to preserve old behaiour for '/Engine/MapTemplates/Sky/DaylightAmbientCubemap.DaylightAmbientCubemap', its maximum texture size has been explicitly set to 512.
[2022.01.25-03.24.46:292][  0]LogHMD: PokeAHoleMaterial loaded successfully
[2022.01.25-03.24.46:299][  0]LogUObjectArray: 17178 objects as part of root set at end of initial load.
[2022.01.25-03.24.46:299][  0]LogUObjectAllocator: 4302048 out of 0 bytes used by permanent object pool.
[2022.01.25-03.24.46:299][  0]LogUObjectArray: CloseDisregardForGC: 0/0 objects in disregard for GC pool
[2022.01.25-03.24.46:612][  0]LogNiagaraDebuggerClient: Niagara Debugger Client Initialized | Session: 05D291144046EA61621E22938D22A341 | Instance: 525A815E464BF8448ADEFEB77A8058BC (FIXX-PC-11312).
[2022.01.25-03.24.46:646][  0]LogPython: Using Python 3.7.7
[2022.01.25-03.24.47:498][  0]LogTcpMessaging: Initializing TcpMessaging bridge
[2022.01.25-03.24.47:504][  0]LogUdpMessaging: Initializing bridge on interface 0.0.0.0:0 to multicast group 230.0.0.1:6666.
[2022.01.25-03.24.47:658][  0]SourceControl: Source control is disabled
[2022.01.25-03.24.47:658][  0]SourceControl: Source control is disabled
[2022.01.25-03.24.47:661][  0]SourceControl: Source control is disabled
[2022.01.25-03.24.47:668][  0]SourceControl: Source control is disabled
[2022.01.25-03.24.47:680][  0]LogUProjectInfo: Found projects:
[2022.01.25-03.24.47:684][  0]SourceControl: Source control is disabled
[2022.01.25-03.24.47:925][  0]LogOpenImageDenoise: OIDN starting up
[2022.01.25-03.24.47:977][  0]LogAndroidPermission: UAndroidPermissionCallbackProxy::GetInstance
[2022.01.25-03.24.48:035][  0]LogAudioCaptureCore: Display: No Audio Capture implementations found. Audio input will be silent.
[2022.01.25-03.24.48:035][  0]LogAudioCaptureCore: Display: No Audio Capture implementations found. Audio input will be silent.
[2022.01.25-03.24.48:172][  0]LogCollectionManager: Loaded 0 collections in 0.003007 seconds
[2022.01.25-03.24.48:201][  0]LogFileCache: Scanning file cache for directory 'D:/Unreal Projects/TP0/Saved/Collections/' took 0.00s
[2022.01.25-03.24.48:201][  0]LogFileCache: Scanning file cache for directory 'D:/Unreal Projects/TP0/Content/Developers/Fixx/Collections/' took 0.00s
[2022.01.25-03.24.48:201][  0]LogFileCache: Scanning file cache for directory 'D:/Unreal Projects/TP0/Content/Collections/' took 0.00s
[2022.01.25-03.24.48:201][  0]LogOcInput: OculusInput pre-init called
[2022.01.25-03.24.48:573][  0]LogEngine: Initializing Engine...
[2022.01.25-03.24.48:576][  0]LogHMD: Failed to enumerate extensions. Please check that you have a valid OpenXR runtime installed.
[2022.01.25-03.24.48:576][  0]LogHMD: Failed to initialize OpenVR with code 110
[2022.01.25-03.24.48:576][  0]LogMagicLeap: Warning: VR disabled because ZI is not enabled.  To enable, in the editor, Edit -> Project Settings -> Plugins -> Magic Leap Plugin -> Enable Zero Iteration
[2022.01.25-03.24.48:577][  0]LogStats: UGameplayTagsManager::InitializeManager -  0.000 s
[2022.01.25-03.24.48:747][  0]LogInit: Initializing FReadOnlyCVARCache
[2022.01.25-03.24.48:756][  0]LogAIModule: Creating AISystem for world Untitled
[2022.01.25-03.24.48:763][  0]LogAudio: Display: Initializing Audio Device Manager...
[2022.01.25-03.24.48:766][  0]LogAudio: Display: Loading Default Audio Settings Objects...
[2022.01.25-03.24.48:767][  0]LogAudio: Display: No default SoundConcurrencyObject specified (or failed to load).
[2022.01.25-03.24.48:768][  0]LogAudio: Display: Audio Device Manager Initialized
[2022.01.25-03.24.48:768][  0]LogAudio: Display: Creating Audio Device:                 Id: 1, Scope: Shared, Realtime: True
[2022.01.25-03.24.48:768][  0]LogAudioMixer: Display: Audio Mixer Platform Settings:
[2022.01.25-03.24.48:768][  0]LogAudioMixer: Display: 	Sample Rate:						  48000
[2022.01.25-03.24.48:768][  0]LogAudioMixer: Display: 	Callback Buffer Frame Size Requested: 1024
[2022.01.25-03.24.48:768][  0]LogAudioMixer: Display: 	Callback Buffer Frame Size To Use:	  1024
[2022.01.25-03.24.48:768][  0]LogAudioMixer: Display: 	Number of buffers to queue:			  2
[2022.01.25-03.24.48:768][  0]LogAudioMixer: Display: 	Max Channels (voices):				  32
[2022.01.25-03.24.48:768][  0]LogAudioMixer: Display: 	Number of Async Source Workers:		  0
[2022.01.25-03.24.48:768][  0]LogAudio: Display: AudioDevice MaxSources: 32
[2022.01.25-03.24.48:769][  0]LogAudio: Display: Audio Spatialization Plugin: None (built-in).
[2022.01.25-03.24.48:769][  0]LogAudio: Display: Audio Reverb Plugin: None (built-in).
[2022.01.25-03.24.48:769][  0]LogAudio: Display: Audio Occlusion Plugin: None (built-in).
[2022.01.25-03.24.48:769][  0]LogAudioMixer: Display: Initializing audio mixer.
[2022.01.25-03.24.48:792][  0]LogAudioMixer: Display: 0: FrontLeft
[2022.01.25-03.24.48:792][  0]LogAudioMixer: Display: 1: FrontRight
[2022.01.25-03.24.48:792][  0]LogAudioMixer: Display: 2: FrontCenter
[2022.01.25-03.24.48:792][  0]LogAudioMixer: Display: 3: LowFrequency
[2022.01.25-03.24.48:792][  0]LogAudioMixer: Display: 4: BackLeft
[2022.01.25-03.24.48:792][  0]LogAudioMixer: Display: 5: BackRight
[2022.01.25-03.24.48:828][  0]LogAudioMixer: Display: Using Audio Device Speakers (Realtek High Definition Audio)
[2022.01.25-03.24.48:831][  0]LogAudioMixer: Display: Initializing Sound Submixes...
[2022.01.25-03.24.48:835][  0]LogAudioMixer: Display: Creating Master Submix 'MasterSubmixDefault'
[2022.01.25-03.24.48:835][  0]LogAudioMixer: Display: Creating Master Submix 'MasterReverbSubmixDefault'
[2022.01.25-03.24.48:836][  0]LogAudioMixer: Display: Creating Master Submix 'MasterEQSubmixDefault'
[2022.01.25-03.24.48:837][  0]LogAudioMixer: FMixerPlatformXAudio2::StartAudioStream() called
[2022.01.25-03.24.48:837][  0]LogAudioMixer: Display: Output buffers initialized: Frames=1024, Channels=6, Samples=6144
[2022.01.25-03.24.48:838][  0]LogInit: FAudioDevice initialized.
[2022.01.25-03.24.48:838][  0]LogAudioMixer: Display: Starting AudioMixerPlatformInterface::RunInternal()
[2022.01.25-03.24.48:838][  0]LogAudioMixer: Display: FMixerPlatformXAudio2::SubmitBuffer() called for the first time
[2022.01.25-03.24.48:838][  0]LogAudio: Display: Audio Device (ID: 1) registered with world 'Untitled'.
[2022.01.25-03.24.48:838][  0]LogNetVersion: Set ProjectVersion to 1.0.0.0. Version Checksum will be recalculated on next use.
[2022.01.25-03.24.48:921][  0]LogDerivedDataCache: Saved boot cache 0.08s 94MB C:/Users/Fixx/AppData/Local/UnrealEngine/4.27/DerivedDataCache/Boot.ddc.
[2022.01.25-03.24.48:921][  0]LogInit: Texture streaming: Enabled
[2022.01.25-03.24.48:935][  0]LogAnalytics: Display: [UEEditor.Rocket.Release] APIServer = https://datarouter.ol.epicgames.com/. AppVersion = 4.27.2-18319896+++UE4+Release-4.27
[2022.01.25-03.24.48:940][  0]LogEngineSessionManager: EngineSessionManager initialized
[2022.01.25-03.24.48:940][  0]LogEditorSessionSummary: Verbose: Initializing EditorSessionSummaryWriter for editor session tracking
[2022.01.25-03.24.48:971][  0]LogEditorSessionSummary: EditorSessionSummaryWriter initialized
[2022.01.25-03.24.48:999][  0]LogInit: Transaction tracking system initialized
[2022.01.25-03.24.49:023][  0]BlueprintLog: New page: Editor Load
[2022.01.25-03.24.49:083][  0]LocalizationService: Localization service is disabled
[2022.01.25-03.24.49:111][  0]TimingProfiler: Initialize
[2022.01.25-03.24.49:111][  0]TimingProfiler: OnSessionChanged
[2022.01.25-03.24.49:111][  0]LoadingProfiler: Initialize
[2022.01.25-03.24.49:111][  0]LoadingProfiler: OnSessionChanged
[2022.01.25-03.24.49:111][  0]NetworkingProfiler: Initialize
[2022.01.25-03.24.49:111][  0]NetworkingProfiler: OnSessionChanged
[2022.01.25-03.24.49:111][  0]MemoryProfiler: Initialize
[2022.01.25-03.24.49:111][  0]MemoryProfiler: OnSessionChanged
[2022.01.25-03.24.49:283][  0]LogCook: Display: CookSettings for Memory: MemoryMaxUsedVirtual 0MiB, MemoryMaxUsedPhysical 16384MiB, MemoryMinFreeVirtual 0MiB, MemoryMinFreePhysical 1024MiB
[2022.01.25-03.24.49:283][  0]LogCook: Display: Mobile HDR setting 1
[2022.01.25-03.24.49:493][  0]LogFileCache: Scanning file cache for directory 'D:/Unreal Projects/TP0/Content/' took 0.02s
[2022.01.25-03.24.49:836][  0]LogInit: Display: Engine is initialized. Leaving FEngineLoop::Init()
[2022.01.25-03.24.49:841][  0]SourceControl: Source control is disabled
[2022.01.25-03.24.49:841][  0]LogUnrealEdMisc: Loading editor; pre map load, took 9.965
[2022.01.25-03.24.49:841][  0]Cmd: MAP LOAD FILE="../../../../../Unreal Projects/TP0/Content/ThirdPersonBP/Maps/ThirdPersonExampleMap.umap" TEMPLATE=0 SHOWPROGRESS=1 FEATURELEVEL=3
[2022.01.25-03.24.49:841][  0]LightingResults: New page: Lighting Build
[2022.01.25-03.24.49:843][  0]LogWorld: UWorld::CleanupWorld for Untitled, bSessionEnded=true, bCleanupResources=true
[2022.01.25-03.24.49:843][  0]LogSlate: InvalidateAllWidgets triggered.  All widgets were invalidated
[2022.01.25-03.24.49:843][  0]MapCheck: New page: Map Check
[2022.01.25-03.24.49:843][  0]LightingResults: New page: Lighting Build
[2022.01.25-03.24.49:854][  0]LogAudio: Display: Audio Device unregistered from world 'None'.
[2022.01.25-03.24.49:857][  0]LogUObjectHash: Compacting FUObjectHashTables data took   0.79ms
[2022.01.25-03.24.50:175][  0]LogAudio: Display: Audio Device (ID: 1) registered with world 'ThirdPersonExampleMap'.
[2022.01.25-03.24.50:176][  0]LogAIModule: Creating AISystem for world ThirdPersonExampleMap
[2022.01.25-03.24.50:183][  0]LogEditorServer: Finished looking for orphan Actors (0.000 secs)
[2022.01.25-03.24.50:195][  0]LogUObjectHash: Compacting FUObjectHashTables data took   0.82ms
[2022.01.25-03.24.50:196][  0]Cmd: MAP CHECKDEP NOCLEARLOG
[2022.01.25-03.24.50:197][  0]MapCheck: Map check complete: 0 Error(s), 0 Warning(s), took 0.188ms to complete.
[2022.01.25-03.24.50:197][  0]LogFileHelpers: Loading map 'ThirdPersonExampleMap' took 0.356
[2022.01.25-03.24.50:199][  0]LogUnrealEdMisc: Total Editor Startup Time, took 10.323
[2022.01.25-03.24.50:358][  0]LogSlate: Updating window title bar state: overlay mode, drag disabled, window buttons hidden, title bar hidden
[2022.01.25-03.24.50:373][  0]LogSlate: Updating window title bar state: overlay mode, drag disabled, window buttons hidden, title bar hidden
[2022.01.25-03.24.50:395][  0]LogSlate: Updating window title bar state: overlay mode, drag disabled, window buttons hidden, title bar hidden
[2022.01.25-03.24.50:414][  0]LogSlate: Updating window title bar state: overlay mode, drag disabled, window buttons hidden, title bar hidden
[2022.01.25-03.24.50:444][  0]LogNativeClassHierarchy: Verbose: Native class hierarchy populated in 0.0212 seconds. Added 3822 classes and 928 folders.
[2022.01.25-03.24.50:446][  0]LogNativeClassHierarchy: Verbose: Native class hierarchy updated for 'WidgetCarousel' in 0.0003 seconds. Added 0 classes and 0 folders.
[2022.01.25-03.24.50:451][  0]LogPakFile: PakFile PrimaryIndexSize=187
[2022.01.25-03.24.50:451][  0]LogPakFile: PakFile PathHashIndexSize=101
[2022.01.25-03.24.50:451][  0]LogPakFile: PakFile FullDirectoryIndexSize=148
[2022.01.25-03.24.50:451][  0]LogShaderLibrary: Display: ShaderCodeLibraryPakFileMountedCallback: PakFile 'D:/Epic Games/UE_4.27/FeaturePacks/FP_FirstPerson.upack' (chunk index -1, root 'root:/') mounted
[2022.01.25-03.24.50:451][  0]LogShaderLibrary: Display: ShaderCodeLibraryPakFileMountedCallback: pending pak file info (ChunkID:-1 Root:root:/ File:D:/Epic Games/UE_4.27/FeaturePacks/FP_FirstPerson.upack)
[2022.01.25-03.24.50:451][  0]LogPakFile: OnPakFileMounted2Time == 0.000070
[2022.01.25-03.24.50:452][  0]LogPakFile: PakFile PrimaryIndexSize=189
[2022.01.25-03.24.50:453][  0]LogPakFile: PakFile PathHashIndexSize=101
[2022.01.25-03.24.50:453][  0]LogPakFile: PakFile FullDirectoryIndexSize=152
[2022.01.25-03.24.50:453][  0]LogShaderLibrary: Display: ShaderCodeLibraryPakFileMountedCallback: PakFile 'D:/Epic Games/UE_4.27/FeaturePacks/FP_FirstPersonBP.upack' (chunk index -1, root 'root:/') mounted
[2022.01.25-03.24.50:453][  0]LogShaderLibrary: Display: ShaderCodeLibraryPakFileMountedCallback: pending pak file info (ChunkID:-1 Root:root:/ File:D:/Epic Games/UE_4.27/FeaturePacks/FP_FirstPersonBP.upack)
[2022.01.25-03.24.50:453][  0]LogPakFile: OnPakFileMounted2Time == 0.000199
[2022.01.25-03.24.50:454][  0]LogPakFile: PakFile PrimaryIndexSize=191
[2022.01.25-03.24.50:454][  0]LogPakFile: PakFile PathHashIndexSize=101
[2022.01.25-03.24.50:454][  0]LogPakFile: PakFile FullDirectoryIndexSize=160
[2022.01.25-03.24.50:454][  0]LogShaderLibrary: Display: ShaderCodeLibraryPakFileMountedCallback: PakFile 'D:/Epic Games/UE_4.27/FeaturePacks/MobileStarterContent.upack' (chunk index -1, root 'root:/') mounted
[2022.01.25-03.24.50:454][  0]LogShaderLibrary: Display: ShaderCodeLibraryPakFileMountedCallback: pending pak file info (ChunkID:-1 Root:root:/ File:D:/Epic Games/UE_4.27/FeaturePacks/MobileStarterContent.upack)
[2022.01.25-03.24.50:454][  0]LogPakFile: OnPakFileMounted2Time == 0.000057
[2022.01.25-03.24.50:455][  0]LogPakFile: PakFile PrimaryIndexSize=185
[2022.01.25-03.24.50:455][  0]LogPakFile: PakFile PathHashIndexSize=101
[2022.01.25-03.24.50:455][  0]LogPakFile: PakFile FullDirectoryIndexSize=148
[2022.01.25-03.24.50:455][  0]LogShaderLibrary: Display: ShaderCodeLibraryPakFileMountedCallback: PakFile 'D:/Epic Games/UE_4.27/FeaturePacks/StarterContent.upack' (chunk index -1, root 'root:/') mounted
[2022.01.25-03.24.50:455][  0]LogShaderLibrary: Display: ShaderCodeLibraryPakFileMountedCallback: pending pak file info (ChunkID:-1 Root:root:/ File:D:/Epic Games/UE_4.27/FeaturePacks/StarterContent.upack)
[2022.01.25-03.24.50:455][  0]LogPakFile: OnPakFileMounted2Time == 0.000055
[2022.01.25-03.24.50:457][  0]LogPakFile: PakFile PrimaryIndexSize=190
[2022.01.25-03.24.50:457][  0]LogPakFile: PakFile PathHashIndexSize=101
[2022.01.25-03.24.50:457][  0]LogPakFile: PakFile FullDirectoryIndexSize=154
[2022.01.25-03.24.50:457][  0]LogShaderLibrary: Display: ShaderCodeLibraryPakFileMountedCallback: PakFile 'D:/Epic Games/UE_4.27/FeaturePacks/TP_2DSideScroller.upack' (chunk index -1, root 'root:/') mounted
[2022.01.25-03.24.50:457][  0]LogShaderLibrary: Display: ShaderCodeLibraryPakFileMountedCallback: pending pak file info (ChunkID:-1 Root:root:/ File:D:/Epic Games/UE_4.27/FeaturePacks/TP_2DSideScroller.upack)
[2022.01.25-03.24.50:457][  0]LogPakFile: OnPakFileMounted2Time == 0.000054
[2022.01.25-03.24.50:459][  0]LogPakFile: PakFile PrimaryIndexSize=192
[2022.01.25-03.24.50:459][  0]LogPakFile: PakFile PathHashIndexSize=101
[2022.01.25-03.24.50:459][  0]LogPakFile: PakFile FullDirectoryIndexSize=158
[2022.01.25-03.24.50:459][  0]LogShaderLibrary: Display: ShaderCodeLibraryPakFileMountedCallback: PakFile 'D:/Epic Games/UE_4.27/FeaturePacks/TP_2DSideScrollerBP.upack' (chunk index -1, root 'root:/') mounted
[2022.01.25-03.24.50:459][  0]LogShaderLibrary: Display: ShaderCodeLibraryPakFileMountedCallback: pending pak file info (ChunkID:-1 Root:root:/ File:D:/Epic Games/UE_4.27/FeaturePacks/TP_2DSideScrollerBP.upack)
[2022.01.25-03.24.50:459][  0]LogPakFile: OnPakFileMounted2Time == 0.000053
[2022.01.25-03.24.50:460][  0]LogPakFile: PakFile PrimaryIndexSize=182
[2022.01.25-03.24.50:460][  0]LogPakFile: PakFile PathHashIndexSize=101
[2022.01.25-03.24.50:460][  0]LogPakFile: PakFile FullDirectoryIndexSize=138
[2022.01.25-03.24.50:460][  0]LogShaderLibrary: Display: ShaderCodeLibraryPakFileMountedCallback: PakFile 'D:/Epic Games/UE_4.27/FeaturePacks/TP_Flying.upack' (chunk index -1, root 'root:/') mounted
[2022.01.25-03.24.50:460][  0]LogShaderLibrary: Display: ShaderCodeLibraryPakFileMountedCallback: pending pak file info (ChunkID:-1 Root:root:/ File:D:/Epic Games/UE_4.27/FeaturePacks/TP_Flying.upack)
[2022.01.25-03.24.50:460][  0]LogPakFile: OnPakFileMounted2Time == 0.000054
[2022.01.25-03.24.50:462][  0]LogPakFile: PakFile PrimaryIndexSize=184
[2022.01.25-03.24.50:462][  0]LogPakFile: PakFile PathHashIndexSize=101
[2022.01.25-03.24.50:462][  0]LogPakFile: PakFile FullDirectoryIndexSize=142
[2022.01.25-03.24.50:462][  0]LogShaderLibrary: Display: ShaderCodeLibraryPakFileMountedCallback: PakFile 'D:/Epic Games/UE_4.27/FeaturePacks/TP_FlyingBP.upack' (chunk index -1, root 'root:/') mounted
[2022.01.25-03.24.50:462][  0]LogShaderLibrary: Display: ShaderCodeLibraryPakFileMountedCallback: pending pak file info (ChunkID:-1 Root:root:/ File:D:/Epic Games/UE_4.27/FeaturePacks/TP_FlyingBP.upack)
[2022.01.25-03.24.50:462][  0]LogPakFile: OnPakFileMounted2Time == 0.000102
[2022.01.25-03.24.50:463][  0]LogPakFile: PakFile PrimaryIndexSize=188
[2022.01.25-03.24.50:463][  0]LogPakFile: PakFile PathHashIndexSize=101
[2022.01.25-03.24.50:463][  0]LogPakFile: PakFile FullDirectoryIndexSize=150
[2022.01.25-03.24.50:463][  0]LogShaderLibrary: Display: ShaderCodeLibraryPakFileMountedCallback: PakFile 'D:/Epic Games/UE_4.27/FeaturePacks/TP_HandheldARBP.upack' (chunk index -1, root 'root:/') mounted
[2022.01.25-03.24.50:463][  0]LogShaderLibrary: Display: ShaderCodeLibraryPakFileMountedCallback: pending pak file info (ChunkID:-1 Root:root:/ File:D:/Epic Games/UE_4.27/FeaturePacks/TP_HandheldARBP.upack)
[2022.01.25-03.24.50:463][  0]LogPakFile: OnPakFileMounted2Time == 0.000054
[2022.01.25-03.24.50:466][  0]LogPakFile: PakFile PrimaryIndexSize=182
[2022.01.25-03.24.50:466][  0]LogPakFile: PakFile PathHashIndexSize=101
[2022.01.25-03.24.50:466][  0]LogPakFile: PakFile FullDirectoryIndexSize=138
[2022.01.25-03.24.50:466][  0]LogShaderLibrary: Display: ShaderCodeLibraryPakFileMountedCallback: PakFile 'D:/Epic Games/UE_4.27/FeaturePacks/TP_Puzzle.upack' (chunk index -1, root 'root:/') mounted
[2022.01.25-03.24.50:466][  0]LogShaderLibrary: Display: ShaderCodeLibraryPakFileMountedCallback: pending pak file info (ChunkID:-1 Root:root:/ File:D:/Epic Games/UE_4.27/FeaturePacks/TP_Puzzle.upack)
[2022.01.25-03.24.50:466][  0]LogPakFile: OnPakFileMounted2Time == 0.000056
[2022.01.25-03.24.50:469][  0]LogPakFile: PakFile PrimaryIndexSize=184
[2022.01.25-03.24.50:469][  0]LogPakFile: PakFile PathHashIndexSize=101
[2022.01.25-03.24.50:469][  0]LogPakFile: PakFile FullDirectoryIndexSize=142
[2022.01.25-03.24.50:469][  0]LogShaderLibrary: Display: ShaderCodeLibraryPakFileMountedCallback: PakFile 'D:/Epic Games/UE_4.27/FeaturePacks/TP_PuzzleBP.upack' (chunk index -1, root 'root:/') mounted
[2022.01.25-03.24.50:469][  0]LogShaderLibrary: Display: ShaderCodeLibraryPakFileMountedCallback: pending pak file info (ChunkID:-1 Root:root:/ File:D:/Epic Games/UE_4.27/FeaturePacks/TP_PuzzleBP.upack)
[2022.01.25-03.24.50:469][  0]LogPakFile: OnPakFileMounted2Time == 0.000051
[2022.01.25-03.24.50:472][  0]LogPakFile: PakFile PrimaryIndexSize=183
[2022.01.25-03.24.50:472][  0]LogPakFile: PakFile PathHashIndexSize=101
[2022.01.25-03.24.50:472][  0]LogPakFile: PakFile FullDirectoryIndexSize=140
[2022.01.25-03.24.50:472][  0]LogShaderLibrary: Display: ShaderCodeLibraryPakFileMountedCallback: PakFile 'D:/Epic Games/UE_4.27/FeaturePacks/TP_Rolling.upack' (chunk index -1, root 'root:/') mounted
[2022.01.25-03.24.50:472][  0]LogShaderLibrary: Display: ShaderCodeLibraryPakFileMountedCallback: pending pak file info (ChunkID:-1 Root:root:/ File:D:/Epic Games/UE_4.27/FeaturePacks/TP_Rolling.upack)
[2022.01.25-03.24.50:472][  0]LogPakFile: OnPakFileMounted2Time == 0.000066
[2022.01.25-03.24.50:474][  0]LogPakFile: PakFile PrimaryIndexSize=185
[2022.01.25-03.24.50:474][  0]LogPakFile: PakFile PathHashIndexSize=101
[2022.01.25-03.24.50:474][  0]LogPakFile: PakFile FullDirectoryIndexSize=144
[2022.01.25-03.24.50:474][  0]LogShaderLibrary: Display: ShaderCodeLibraryPakFileMountedCallback: PakFile 'D:/Epic Games/UE_4.27/FeaturePacks/TP_RollingBP.upack' (chunk index -1, root 'root:/') mounted
[2022.01.25-03.24.50:474][  0]LogShaderLibrary: Display: ShaderCodeLibraryPakFileMountedCallback: pending pak file info (ChunkID:-1 Root:root:/ File:D:/Epic Games/UE_4.27/FeaturePacks/TP_RollingBP.upack)
[2022.01.25-03.24.50:474][  0]LogPakFile: OnPakFileMounted2Time == 0.000053
[2022.01.25-03.24.50:475][  0]LogPakFile: PakFile PrimaryIndexSize=188
[2022.01.25-03.24.50:475][  0]LogPakFile: PakFile PathHashIndexSize=101
[2022.01.25-03.24.50:475][  0]LogPakFile: PakFile FullDirectoryIndexSize=150
[2022.01.25-03.24.50:475][  0]LogShaderLibrary: Display: ShaderCodeLibraryPakFileMountedCallback: PakFile 'D:/Epic Games/UE_4.27/FeaturePacks/TP_SideScroller.upack' (chunk index -1, root 'root:/') mounted
[2022.01.25-03.24.50:475][  0]LogShaderLibrary: Display: ShaderCodeLibraryPakFileMountedCallback: pending pak file info (ChunkID:-1 Root:root:/ File:D:/Epic Games/UE_4.27/FeaturePacks/TP_SideScroller.upack)
[2022.01.25-03.24.50:475][  0]LogPakFile: OnPakFileMounted2Time == 0.000257
[2022.01.25-03.24.50:478][  0]LogPakFile: PakFile PrimaryIndexSize=190
[2022.01.25-03.24.50:478][  0]LogPakFile: PakFile PathHashIndexSize=101
[2022.01.25-03.24.50:478][  0]LogPakFile: PakFile FullDirectoryIndexSize=154
[2022.01.25-03.24.50:478][  0]LogShaderLibrary: Display: ShaderCodeLibraryPakFileMountedCallback: PakFile 'D:/Epic Games/UE_4.27/FeaturePacks/TP_SideScrollerBP.upack' (chunk index -1, root 'root:/') mounted
[2022.01.25-03.24.50:478][  0]LogShaderLibrary: Display: ShaderCodeLibraryPakFileMountedCallback: pending pak file info (ChunkID:-1 Root:root:/ File:D:/Epic Games/UE_4.27/FeaturePacks/TP_SideScrollerBP.upack)
[2022.01.25-03.24.50:478][  0]LogPakFile: OnPakFileMounted2Time == 0.000058
[2022.01.25-03.24.50:479][  0]LogPakFile: PakFile PrimaryIndexSize=187
[2022.01.25-03.24.50:479][  0]LogPakFile: PakFile PathHashIndexSize=101
[2022.01.25-03.24.50:479][  0]LogPakFile: PakFile FullDirectoryIndexSize=148
[2022.01.25-03.24.50:479][  0]LogShaderLibrary: Display: ShaderCodeLibraryPakFileMountedCallback: PakFile 'D:/Epic Games/UE_4.27/FeaturePacks/TP_ThirdPerson.upack' (chunk index -1, root 'root:/') mounted
[2022.01.25-03.24.50:479][  0]LogShaderLibrary: Display: ShaderCodeLibraryPakFileMountedCallback: pending pak file info (ChunkID:-1 Root:root:/ File:D:/Epic Games/UE_4.27/FeaturePacks/TP_ThirdPerson.upack)
[2022.01.25-03.24.50:479][  0]LogPakFile: OnPakFileMounted2Time == 0.000233
[2022.01.25-03.24.50:485][  0]LogPakFile: PakFile PrimaryIndexSize=189
[2022.01.25-03.24.50:485][  0]LogPakFile: PakFile PathHashIndexSize=101
[2022.01.25-03.24.50:485][  0]LogPakFile: PakFile FullDirectoryIndexSize=152
[2022.01.25-03.24.50:485][  0]LogShaderLibrary: Display: ShaderCodeLibraryPakFileMountedCallback: PakFile 'D:/Epic Games/UE_4.27/FeaturePacks/TP_ThirdPersonBP.upack' (chunk index -1, root 'root:/') mounted
[2022.01.25-03.24.50:486][  0]LogShaderLibrary: Display: ShaderCodeLibraryPakFileMountedCallback: pending pak file info (ChunkID:-1 Root:root:/ File:D:/Epic Games/UE_4.27/FeaturePacks/TP_ThirdPersonBP.upack)
[2022.01.25-03.24.50:486][  0]LogPakFile: OnPakFileMounted2Time == 0.001127
[2022.01.25-03.24.50:488][  0]LogPakFile: PakFile PrimaryIndexSize=183
[2022.01.25-03.24.50:488][  0]LogPakFile: PakFile PathHashIndexSize=101
[2022.01.25-03.24.50:488][  0]LogPakFile: PakFile FullDirectoryIndexSize=140
[2022.01.25-03.24.50:488][  0]LogShaderLibrary: Display: ShaderCodeLibraryPakFileMountedCallback: PakFile 'D:/Epic Games/UE_4.27/FeaturePacks/TP_TopDown.upack' (chunk index -1, root 'root:/') mounted
[2022.01.25-03.24.50:488][  0]LogShaderLibrary: Display: ShaderCodeLibraryPakFileMountedCallback: pending pak file info (ChunkID:-1 Root:root:/ File:D:/Epic Games/UE_4.27/FeaturePacks/TP_TopDown.upack)
[2022.01.25-03.24.50:488][  0]LogPakFile: OnPakFileMounted2Time == 0.000059
[2022.01.25-03.24.50:490][  0]LogPakFile: PakFile PrimaryIndexSize=185
[2022.01.25-03.24.50:490][  0]LogPakFile: PakFile PathHashIndexSize=101
[2022.01.25-03.24.50:490][  0]LogPakFile: PakFile FullDirectoryIndexSize=144
[2022.01.25-03.24.50:490][  0]LogShaderLibrary: Display: ShaderCodeLibraryPakFileMountedCallback: PakFile 'D:/Epic Games/UE_4.27/FeaturePacks/TP_TopDownBP.upack' (chunk index -1, root 'root:/') mounted
[2022.01.25-03.24.50:490][  0]LogShaderLibrary: Display: ShaderCodeLibraryPakFileMountedCallback: pending pak file info (ChunkID:-1 Root:root:/ File:D:/Epic Games/UE_4.27/FeaturePacks/TP_TopDownBP.upack)
[2022.01.25-03.24.50:490][  0]LogPakFile: OnPakFileMounted2Time == 0.000050
[2022.01.25-03.24.50:492][  0]LogPakFile: PakFile PrimaryIndexSize=185
[2022.01.25-03.24.50:492][  0]LogPakFile: PakFile PathHashIndexSize=101
[2022.01.25-03.24.50:492][  0]LogPakFile: PakFile FullDirectoryIndexSize=144
[2022.01.25-03.24.50:492][  0]LogShaderLibrary: Display: ShaderCodeLibraryPakFileMountedCallback: PakFile 'D:/Epic Games/UE_4.27/FeaturePacks/TP_TwinStick.upack' (chunk index -1, root 'root:/') mounted
[2022.01.25-03.24.50:492][  0]LogShaderLibrary: Display: ShaderCodeLibraryPakFileMountedCallback: pending pak file info (ChunkID:-1 Root:root:/ File:D:/Epic Games/UE_4.27/FeaturePacks/TP_TwinStick.upack)
[2022.01.25-03.24.50:492][  0]LogPakFile: OnPakFileMounted2Time == 0.000092
[2022.01.25-03.24.50:493][  0]LogPakFile: PakFile PrimaryIndexSize=187
[2022.01.25-03.24.50:493][  0]LogPakFile: PakFile PathHashIndexSize=101
[2022.01.25-03.24.50:493][  0]LogPakFile: PakFile FullDirectoryIndexSize=148
[2022.01.25-03.24.50:494][  0]LogShaderLibrary: Display: ShaderCodeLibraryPakFileMountedCallback: PakFile 'D:/Epic Games/UE_4.27/FeaturePacks/TP_TwinStickBP.upack' (chunk index -1, root 'root:/') mounted
[2022.01.25-03.24.50:494][  0]LogShaderLibrary: Display: ShaderCodeLibraryPakFileMountedCallback: pending pak file info (ChunkID:-1 Root:root:/ File:D:/Epic Games/UE_4.27/FeaturePacks/TP_TwinStickBP.upack)
[2022.01.25-03.24.50:494][  0]LogPakFile: OnPakFileMounted2Time == 0.000061
[2022.01.25-03.24.50:495][  0]LogPakFile: PakFile PrimaryIndexSize=183
[2022.01.25-03.24.50:495][  0]LogPakFile: PakFile PathHashIndexSize=101
[2022.01.25-03.24.50:495][  0]LogPakFile: PakFile FullDirectoryIndexSize=140
[2022.01.25-03.24.50:495][  0]LogShaderLibrary: Display: ShaderCodeLibraryPakFileMountedCallback: PakFile 'D:/Epic Games/UE_4.27/FeaturePacks/TP_Vehicle.upack' (chunk index -1, root 'root:/') mounted
[2022.01.25-03.24.50:495][  0]LogShaderLibrary: Display: ShaderCodeLibraryPakFileMountedCallback: pending pak file info (ChunkID:-1 Root:root:/ File:D:/Epic Games/UE_4.27/FeaturePacks/TP_Vehicle.upack)
[2022.01.25-03.24.50:495][  0]LogPakFile: OnPakFileMounted2Time == 0.000050
[2022.01.25-03.24.50:501][  0]LogPakFile: PakFile PrimaryIndexSize=186
[2022.01.25-03.24.50:501][  0]LogPakFile: PakFile PathHashIndexSize=101
[2022.01.25-03.24.50:501][  0]LogPakFile: PakFile FullDirectoryIndexSize=146
[2022.01.25-03.24.50:501][  0]LogShaderLibrary: Display: ShaderCodeLibraryPakFileMountedCallback: PakFile 'D:/Epic Games/UE_4.27/FeaturePacks/TP_VehicleAdv.upack' (chunk index -1, root 'root:/') mounted
[2022.01.25-03.24.50:501][  0]LogShaderLibrary: Display: ShaderCodeLibraryPakFileMountedCallback: pending pak file info (ChunkID:-1 Root:root:/ File:D:/Epic Games/UE_4.27/FeaturePacks/TP_VehicleAdv.upack)
[2022.01.25-03.24.50:501][  0]LogPakFile: OnPakFileMounted2Time == 0.000096
[2022.01.25-03.24.50:503][  0]LogPakFile: PakFile PrimaryIndexSize=188
[2022.01.25-03.24.50:503][  0]LogPakFile: PakFile PathHashIndexSize=101
[2022.01.25-03.24.50:503][  0]LogPakFile: PakFile FullDirectoryIndexSize=150
[2022.01.25-03.24.50:503][  0]LogShaderLibrary: Display: ShaderCodeLibraryPakFileMountedCallback: PakFile 'D:/Epic Games/UE_4.27/FeaturePacks/TP_VehicleAdvBP.upack' (chunk index -1, root 'root:/') mounted
[2022.01.25-03.24.50:503][  0]LogShaderLibrary: Display: ShaderCodeLibraryPakFileMountedCallback: pending pak file info (ChunkID:-1 Root:root:/ File:D:/Epic Games/UE_4.27/FeaturePacks/TP_VehicleAdvBP.upack)
[2022.01.25-03.24.50:503][  0]LogPakFile: OnPakFileMounted2Time == 0.000057
[2022.01.25-03.24.50:505][  0]LogPakFile: PakFile PrimaryIndexSize=185
[2022.01.25-03.24.50:505][  0]LogPakFile: PakFile PathHashIndexSize=101
[2022.01.25-03.24.50:505][  0]LogPakFile: PakFile FullDirectoryIndexSize=144
[2022.01.25-03.24.50:505][  0]LogShaderLibrary: Display: ShaderCodeLibraryPakFileMountedCallback: PakFile 'D:/Epic Games/UE_4.27/FeaturePacks/TP_VehicleBP.upack' (chunk index -1, root 'root:/') mounted
[2022.01.25-03.24.50:505][  0]LogShaderLibrary: Display: ShaderCodeLibraryPakFileMountedCallback: pending pak file info (ChunkID:-1 Root:root:/ File:D:/Epic Games/UE_4.27/FeaturePacks/TP_VehicleBP.upack)
[2022.01.25-03.24.50:505][  0]LogPakFile: OnPakFileMounted2Time == 0.000062
[2022.01.25-03.24.50:508][  0]LogPakFile: PakFile PrimaryIndexSize=192
[2022.01.25-03.24.50:508][  0]LogPakFile: PakFile PathHashIndexSize=101
[2022.01.25-03.24.50:508][  0]LogPakFile: PakFile FullDirectoryIndexSize=158
[2022.01.25-03.24.50:508][  0]LogShaderLibrary: Display: ShaderCodeLibraryPakFileMountedCallback: PakFile 'D:/Epic Games/UE_4.27/FeaturePacks/TP_VirtualRealityBP.upack' (chunk index -1, root 'root:/') mounted
[2022.01.25-03.24.50:508][  0]LogShaderLibrary: Display: ShaderCodeLibraryPakFileMountedCallback: pending pak file info (ChunkID:-1 Root:root:/ File:D:/Epic Games/UE_4.27/FeaturePacks/TP_VirtualRealityBP.upack)
[2022.01.25-03.24.50:508][  0]LogPakFile: OnPakFileMounted2Time == 0.000054
[2022.01.25-03.24.50:690][  0]LogNativeClassHierarchy: Verbose: Native class hierarchy updated for 'AddContentDialog' in 0.0003 seconds. Added 0 classes and 0 folders.
[2022.01.25-03.24.50:691][  0]LogNativeClassHierarchy: Verbose: Native class hierarchy updated for 'SceneOutliner' in 0.0003 seconds. Added 2 classes and 0 folders.
[2022.01.25-03.24.50:720][  0]LogSlate: Took 0.000222 seconds to synchronously load lazily loaded font '../../../Engine/Content/Slate/Fonts/Roboto-Regular.ttf' (155K)
[2022.01.25-03.24.50:721][  0]LogSlate: Took 0.000261 seconds to synchronously load lazily loaded font '../../../Engine/Content/Editor/Slate/Fonts/FontAwesome.ttf' (139K)
[2022.01.25-03.24.50:722][  0]LogSlate: Took 0.000208 seconds to synchronously load lazily loaded font '../../../Engine/Content/Slate/Fonts/Roboto-Bold.ttf' (160K)
[2022.01.25-03.24.50:854][  0]LogRenderer: Reallocating scene render targets to support 1216x548 Format 10 NumSamples 1 (Frame:1).
[2022.01.25-03.24.51:070][  0]LogNativeClassHierarchy: Verbose: Native class hierarchy updated for 'HierarchicalLODOutliner' in 0.0003 seconds. Added 0 classes and 0 folders.
[2022.01.25-03.24.51:070][  0]LogInput: Warning: Action Jump uses invalid key OculusGo_Left_Trigger_Click.
[2022.01.25-03.24.51:070][  0]LogInput: Warning: Action ResetVR uses invalid key OculusGo_Left_Trackpad_Click.
[2022.01.25-03.24.51:070][  0]LogInput: Warning: Use -RemoveInvalidKeys to remove instances of these keys from the action mapping.
[2022.01.25-03.24.51:070][  0]LogLoad: (Engine Initialization) Total time: 11.19 seconds
[2022.01.25-03.24.51:070][  0]LogLoad: (Engine Initialization) Total Blueprint compile time: 0.00 seconds
[2022.01.25-03.24.51:124][  0]LogAssetRegistry: Asset discovery search completed in 5.8490 seconds
[2022.01.25-03.24.51:132][  0]LogCollectionManager: Fixed up redirectors for 0 collections in 0.000003 seconds (updated 0 objects)
[2022.01.25-03.24.51:134][  0]LogContentStreaming: Texture pool size now 1000 MB
[2022.01.25-03.24.51:218][  4]LogSlate: Took 0.000308 seconds to synchronously load lazily loaded font '../../../Engine/Content/Slate/Fonts/Roboto-Light.ttf' (167K)
